#
# There is insufficient memory for the Java Runtime Environment to continue.
# Native memory allocation (mmap) failed to map 72351744 bytes for committing reserved memory.
# Possible reasons:
#   The system is out of physical RAM or swap space
#   In 32 bit mode, the process size limit was hit
# Possible solutions:
#   Reduce memory load on the system
#   Increase physical memory or swap space
#   Check if swap backing store is full
#   Use 64 bit Java on a 64 bit OS
#   Decrease Java heap size (-Xmx/-Xms)
#   Decrease number of Java threads
#   Decrease Java thread stack sizes (-Xss)
#   Set larger code cache with -XX:ReservedCodeCacheSize=
# This output file may be truncated or incomplete.
#
#  Out of Memory Error (os_linux.cpp:2627), pid=6617, tid=0x00007fd12d6f6700
#
# JRE version: Java(TM) SE Runtime Environment (8.0_101-b13) (build 1.8.0_101-b13)
# Java VM: Java HotSpot(TM) 64-Bit Server VM (25.101-b13 mixed mode linux-amd64 compressed oops)
# Failed to write core dump. Core dumps have been disabled. To enable core dumping, try "ulimit -c unlimited" before starting Java again
#

---------------  T H R E A D  ---------------

Current thread (0x00007fd144078000):  VMThread [stack: 0x00007fd12d5f6000,0x00007fd12d6f7000] [id=6644]

Stack: [0x00007fd12d5f6000,0x00007fd12d6f7000],  sp=0x00007fd12d6f5060,  free space=1020k
Native frames: (J=compiled Java code, j=interpreted, Vv=VM code, C=native code)
V  [libjvm.so+0xac3f0a]  VMError::report_and_die()+0x2ba
V  [libjvm.so+0x4fbf9b]  report_vm_out_of_memory(char const*, int, unsigned long, VMErrorType, char const*)+0x8b
V  [libjvm.so+0x9222d3]  os::Linux::commit_memory_impl(char*, unsigned long, bool)+0x103
V  [libjvm.so+0x922829]  os::pd_commit_memory(char*, unsigned long, unsigned long, bool)+0x29
V  [libjvm.so+0x91cb2a]  os::commit_memory(char*, unsigned long, unsigned long, bool)+0x2a
V  [libjvm.so+0x991053]  PSVirtualSpace::expand_by(unsigned long)+0x53
V  [libjvm.so+0x992458]  PSYoungGen::resize_generation(unsigned long, unsigned long)+0xf8
V  [libjvm.so+0x9915b2]  PSYoungGen::resize(unsigned long, unsigned long)+0x22
V  [libjvm.so+0x98e88b]  PSScavenge::invoke_no_policy()+0xf3b
V  [libjvm.so+0x98f011]  PSScavenge::invoke()+0x41
V  [libjvm.so+0x945fc0]  ParallelScavengeHeap::failed_mem_allocate(unsigned long)+0x70
V  [libjvm.so+0xac5927]  VM_ParallelGCFailedAllocation::doit()+0x97
V  [libjvm.so+0xacd405]  VM_Operation::evaluate()+0x55
V  [libjvm.so+0xacb7da]  VMThread::evaluate_operation(VM_Operation*)+0xba
V  [libjvm.so+0xacbb5e]  VMThread::loop()+0x1ce
V  [libjvm.so+0xacbfd0]  VMThread::run()+0x70
V  [libjvm.so+0x924698]  java_start(Thread*)+0x108

VM_Operation (0x00007fd12c4abdf0): ParallelGCFailedAllocation, mode: safepoint, requested by thread 0x00007fd144135000


---------------  P R O C E S S  ---------------

Java Threads: ( => current thread )
  0x00007fd144135000 JavaThread "pool-1-thread-4" [_thread_blocked, id=6681, stack(0x00007fd12c3ad000,0x00007fd12c4ae000)]
  0x00007fd144134000 JavaThread "pool-1-thread-3" [_thread_blocked, id=6680, stack(0x00007fd12c4ae000,0x00007fd12c5af000)]
  0x00007fd144132000 JavaThread "pool-1-thread-2" [_thread_blocked, id=6679, stack(0x00007fd12c5af000,0x00007fd12c6b0000)]
  0x00007fd144130800 JavaThread "pool-2-thread-1" [_thread_blocked, id=6676, stack(0x00007fd12c6b0000,0x00007fd12c7b1000)]
  0x00007fd14412e000 JavaThread "pool-1-thread-1" [_thread_blocked, id=6674, stack(0x00007fd12c7b1000,0x00007fd12c8b2000)]
  0x00007fd1440c1800 JavaThread "Service Thread" daemon [_thread_blocked, id=6665, stack(0x00007fd12c9b3000,0x00007fd12cab4000)]
  0x00007fd1440be800 JavaThread "C1 CompilerThread2" daemon [_thread_blocked, id=6663, stack(0x00007fd12cab4000,0x00007fd12cbb5000)]
  0x00007fd1440bc800 JavaThread "C2 CompilerThread1" daemon [_thread_blocked, id=6662, stack(0x00007fd12cbb5000,0x00007fd12ccb6000)]
  0x00007fd1440b9800 JavaThread "C2 CompilerThread0" daemon [_thread_blocked, id=6661, stack(0x00007fd12ccb6000,0x00007fd12cdb7000)]
  0x00007fd1440b8800 JavaThread "Signal Dispatcher" daemon [_thread_blocked, id=6652, stack(0x00007fd12cdb7000,0x00007fd12ceb8000)]
  0x00007fd144084000 JavaThread "Finalizer" daemon [_thread_blocked, id=6649, stack(0x00007fd12d3f4000,0x00007fd12d4f5000)]
  0x00007fd14407f800 JavaThread "Reference Handler" daemon [_thread_blocked, id=6646, stack(0x00007fd12d4f5000,0x00007fd12d5f6000)]
  0x00007fd14400a000 JavaThread "main" [_thread_blocked, id=6621, stack(0x00007fd14bcc3000,0x00007fd14bdc4000)]

Other Threads:
=>0x00007fd144078000 VMThread [stack: 0x00007fd12d5f6000,0x00007fd12d6f7000] [id=6644]
  0x00007fd1440c4800 WatcherThread [stack: 0x00007fd12c8b2000,0x00007fd12c9b3000] [id=6667]

VM state:at safepoint (normal execution)

VM Mutex/Monitor currently owned by a thread:  ([mutex/lock_event])
[0x00007fd1440065d0] Threads_lock - owner thread: 0x00007fd144078000
[0x00007fd144006ad0] Heap_lock - owner thread: 0x00007fd144135000

Heap:
 PSYoungGen      total 70656K, used 8166K [0x00000000eab00000, 0x00000000ef900000, 0x0000000100000000)
  eden space 62464K, 0% used [0x00000000eab00000,0x00000000eab00000,0x00000000ee800000)
  from space 8192K, 99% used [0x00000000ee800000,0x00000000eeff9b38,0x00000000ef000000)
  to   space 7168K, 0% used [0x00000000ef000000,0x00000000ef000000,0x00000000ef700000)
 ParOldGen       total 42496K, used 21203K [0x00000000c0000000, 0x00000000c2980000, 0x00000000eab00000)
  object space 42496K, 49% used [0x00000000c0000000,0x00000000c14b4c10,0x00000000c2980000)
 Metaspace       used 5833K, capacity 6896K, committed 7040K, reserved 1056768K
  class space    used 584K, capacity 616K, committed 640K, reserved 1048576K

Card table byte_map: [0x00007fd14887a000,0x00007fd148a7b000] byte_map_base: 0x00007fd14827a000

Marking Bits: (ParMarkBitMap*) 0x00007fd14b19b120
 Begin Bits: [0x00007fd12e000000, 0x00007fd12f000000)
 End Bits:   [0x00007fd12f000000, 0x00007fd130000000)

Polling page: 0x00007fd14bde7000

CodeCache: size=245760Kb used=4917Kb max_used=4917Kb free=240842Kb
 bounds [0x00007fd135000000, 0x00007fd1354e0000, 0x00007fd144000000]
 total_blobs=1500 nmethods=1232 adapters=181
 compilation: enabled

Compilation events (10 events):
Event: 21.588 Thread 0x00007fd1440be800 nmethod 1525% 0x00007fd1354c6dd0 code [0x00007fd1354c71c0, 0x00007fd1354c92c8]
Event: 21.588 Thread 0x00007fd1440be800 1530       3       com.android.dx.ssa.back.IdenticalBlockCombiner::process (323 bytes)
Event: 21.608 Thread 0x00007fd1440be800 nmethod 1530 0x00007fd1354c9fd0 code [0x00007fd1354ca360, 0x00007fd1354cc798]
Event: 21.608 Thread 0x00007fd1440be800 1486 %     3       com.android.dx.ssa.SsaMethod::makeExitBlock @ 69 (134 bytes)
Event: 22.887 Thread 0x00007fd1440be800 nmethod 1486% 0x00007fd1354cd9d0 code [0x00007fd1354cdc60, 0x00007fd1354cebd8]
Event: 22.888 Thread 0x00007fd1440be800 1533       3       com.android.dx.cf.code.ByteBlock::<init> (181 bytes)
Event: 23.597 Thread 0x00007fd1440be800 nmethod 1533 0x00007fd1354cf3d0 code [0x00007fd1354cf6a0, 0x00007fd1354d09a8]
Event: 23.597 Thread 0x00007fd1440be800 1488 %     3       com.android.dx.ssa.SsaMethod::getCountReachableBlocks @ 10 (44 bytes)
Event: 23.598 Thread 0x00007fd1440be800 nmethod 1488% 0x00007fd1354d12d0 code [0x00007fd1354d14c0, 0x00007fd1354d1e08]
Event: 23.598 Thread 0x00007fd1440be800 1466 %     3       com.android.dx.ssa.PhiTypeResolver::run @ 52 (179 bytes)

GC Heap History (10 events):
Event: 10.353 GC heap after
Heap after GC invocations=2 (full 0):
 PSYoungGen      total 18432K, used 2554K [0x00000000eab00000, 0x00000000ecf00000, 0x0000000100000000)
  eden space 15872K, 0% used [0x00000000eab00000,0x00000000eab00000,0x00000000eba80000)
  from space 2560K, 99% used [0x00000000ebd00000,0x00000000ebf7eaa0,0x00000000ebf80000)
  to   space 2560K, 0% used [0x00000000eba80000,0x00000000eba80000,0x00000000ebd00000)
 ParOldGen       total 42496K, used 3911K [0x00000000c0000000, 0x00000000c2980000, 0x00000000eab00000)
  object space 42496K, 9% used [0x00000000c0000000,0x00000000c03d1c00,0x00000000c2980000)
 Metaspace       used 5609K, capacity 6704K, committed 6784K, reserved 1056768K
  class space    used 578K, capacity 616K, committed 640K, reserved 1048576K
}
Event: 11.118 GC heap before
{Heap before GC invocations=3 (full 0):
 PSYoungGen      total 18432K, used 18426K [0x00000000eab00000, 0x00000000ecf00000, 0x0000000100000000)
  eden space 15872K, 100% used [0x00000000eab00000,0x00000000eba80000,0x00000000eba80000)
  from space 2560K, 99% used [0x00000000ebd00000,0x00000000ebf7eaa0,0x00000000ebf80000)
  to   space 2560K, 0% used [0x00000000eba80000,0x00000000eba80000,0x00000000ebd00000)
 ParOldGen       total 42496K, used 3911K [0x00000000c0000000, 0x00000000c2980000, 0x00000000eab00000)
  object space 42496K, 9% used [0x00000000c0000000,0x00000000c03d1c00,0x00000000c2980000)
 Metaspace       used 5663K, capacity 6768K, committed 7040K, reserved 1056768K
  class space    used 578K, capacity 616K, committed 640K, reserved 1048576K
Event: 11.151 GC heap after
Heap after GC invocations=3 (full 0):
 PSYoungGen      total 18432K, used 2551K [0x00000000eab00000, 0x00000000ecf00000, 0x0000000100000000)
  eden space 15872K, 0% used [0x00000000eab00000,0x00000000eab00000,0x00000000eba80000)
  from space 2560K, 99% used [0x00000000eba80000,0x00000000ebcfdc60,0x00000000ebd00000)
  to   space 2560K, 0% used [0x00000000ecc80000,0x00000000ecc80000,0x00000000ecf00000)
 ParOldGen       total 42496K, used 5963K [0x00000000c0000000, 0x00000000c2980000, 0x00000000eab00000)
  object space 42496K, 14% used [0x00000000c0000000,0x00000000c05d2c70,0x00000000c2980000)
 Metaspace       used 5663K, capacity 6768K, committed 7040K, reserved 1056768K
  class space    used 578K, capacity 616K, committed 640K, reserved 1048576K
}
Event: 11.691 GC heap before
{Heap before GC invocations=4 (full 0):
 PSYoungGen      total 18432K, used 18423K [0x00000000eab00000, 0x00000000ecf00000, 0x0000000100000000)
  eden space 15872K, 100% used [0x00000000eab00000,0x00000000eba80000,0x00000000eba80000)
  from space 2560K, 99% used [0x00000000eba80000,0x00000000ebcfdc60,0x00000000ebd00000)
  to   space 2560K, 0% used [0x00000000ecc80000,0x00000000ecc80000,0x00000000ecf00000)
 ParOldGen       total 42496K, used 5963K [0x00000000c0000000, 0x00000000c2980000, 0x00000000eab00000)
  object space 42496K, 14% used [0x00000000c0000000,0x00000000c05d2c70,0x00000000c2980000)
 Metaspace       used 5682K, capacity 6768K, committed 7040K, reserved 1056768K
  class space    used 579K, capacity 616K, committed 640K, reserved 1048576K
Event: 11.746 GC heap after
Heap after GC invocations=4 (full 0):
 PSYoungGen      total 34304K, used 2544K [0x00000000eab00000, 0x00000000ecf00000, 0x0000000100000000)
  eden space 31744K, 0% used [0x00000000eab00000,0x00000000eab00000,0x00000000eca00000)
  from space 2560K, 99% used [0x00000000ecc80000,0x00000000ecefc2f8,0x00000000ecf00000)
  to   space 2560K, 0% used [0x00000000eca00000,0x00000000eca00000,0x00000000ecc80000)
 ParOldGen       total 42496K, used 8875K [0x00000000c0000000, 0x00000000c2980000, 0x00000000eab00000)
  object space 42496K, 20% used [0x00000000c0000000,0x00000000c08aac38,0x00000000c2980000)
 Metaspace       used 5682K, capacity 6768K, committed 7040K, reserved 1056768K
  class space    used 579K, capacity 616K, committed 640K, reserved 1048576K
}
Event: 13.124 GC heap before
{Heap before GC invocations=5 (full 0):
 PSYoungGen      total 34304K, used 34288K [0x00000000eab00000, 0x00000000ecf00000, 0x0000000100000000)
  eden space 31744K, 100% used [0x00000000eab00000,0x00000000eca00000,0x00000000eca00000)
  from space 2560K, 99% used [0x00000000ecc80000,0x00000000ecefc2f8,0x00000000ecf00000)
  to   space 2560K, 0% used [0x00000000eca00000,0x00000000eca00000,0x00000000ecc80000)
 ParOldGen       total 42496K, used 8875K [0x00000000c0000000, 0x00000000c2980000, 0x00000000eab00000)
  object space 42496K, 20% used [0x00000000c0000000,0x00000000c08aac38,0x00000000c2980000)
 Metaspace       used 5712K, capacity 6832K, committed 7040K, reserved 1056768K
  class space    used 579K, capacity 616K, committed 640K, reserved 1048576K
Event: 13.185 GC heap after
Heap after GC invocations=5 (full 0):
 PSYoungGen      total 34304K, used 2528K [0x00000000eab00000, 0x00000000ef700000, 0x0000000100000000)
  eden space 31744K, 0% used [0x00000000eab00000,0x00000000eab00000,0x00000000eca00000)
  from space 2560K, 98% used [0x00000000eca00000,0x00000000ecc78020,0x00000000ecc80000)
  to   space 7168K, 0% used [0x00000000ef000000,0x00000000ef000000,0x00000000ef700000)
 ParOldGen       total 42496K, used 13736K [0x00000000c0000000, 0x00000000c2980000, 0x00000000eab00000)
  object space 42496K, 32% used [0x00000000c0000000,0x00000000c0d6a348,0x00000000c2980000)
 Metaspace       used 5712K, capacity 6832K, committed 7040K, reserved 1056768K
  class space    used 579K, capacity 616K, committed 640K, reserved 1048576K
}
Event: 14.128 GC heap before
{Heap before GC invocations=6 (full 0):
 PSYoungGen      total 34304K, used 34272K [0x00000000eab00000, 0x00000000ef700000, 0x0000000100000000)
  eden space 31744K, 100% used [0x00000000eab00000,0x00000000eca00000,0x00000000eca00000)
  from space 2560K, 98% used [0x00000000eca00000,0x00000000ecc78020,0x00000000ecc80000)
  to   space 7168K, 0% used [0x00000000ef000000,0x00000000ef000000,0x00000000ef700000)
 ParOldGen       total 42496K, used 13736K [0x00000000c0000000, 0x00000000c2980000, 0x00000000eab00000)
  object space 42496K, 32% used [0x00000000c0000000,0x00000000c0d6a348,0x00000000c2980000)
 Metaspace       used 5753K, capacity 6832K, committed 7040K, reserved 1056768K
  class space    used 582K, capacity 616K, committed 640K, reserved 1048576K
Event: 14.296 GC heap after
Heap after GC invocations=6 (full 0):
 PSYoungGen      total 69632K, used 7143K [0x00000000eab00000, 0x00000000ef900000, 0x0000000100000000)
  eden space 62464K, 0% used [0x00000000eab00000,0x00000000eab00000,0x00000000ee800000)
  from space 7168K, 99% used [0x00000000ef000000,0x00000000ef6f9e20,0x00000000ef700000)
  to   space 8192K, 0% used [0x00000000ee800000,0x00000000ee800000,0x00000000ef000000)
 ParOldGen       total 42496K, used 13836K [0x00000000c0000000, 0x00000000c2980000, 0x00000000eab00000)
  object space 42496K, 32% used [0x00000000c0000000,0x00000000c0d831a0,0x00000000c2980000)
 Metaspace       used 5753K, capacity 6832K, committed 7040K, reserved 1056768K
  class space    used 582K, capacity 616K, committed 640K, reserved 1048576K
}
Event: 24.214 GC heap before
{Heap before GC invocations=7 (full 0):
 PSYoungGen      total 69632K, used 69607K [0x00000000eab00000, 0x00000000ef900000, 0x0000000100000000)
  eden space 62464K, 100% used [0x00000000eab00000,0x00000000ee800000,0x00000000ee800000)
  from space 7168K, 99% used [0x00000000ef000000,0x00000000ef6f9e20,0x00000000ef700000)
  to   space 8192K, 0% used [0x00000000ee800000,0x00000000ee800000,0x00000000ef000000)
 ParOldGen       total 42496K, used 13836K [0x00000000c0000000, 0x00000000c2980000, 0x00000000eab00000)
  object space 42496K, 32% used [0x00000000c0000000,0x00000000c0d831a0,0x00000000c2980000)
 Metaspace       used 5833K, capacity 6896K, committed 7040K, reserved 1056768K
  class space    used 584K, capacity 616K, committed 640K, reserved 1048576K

Deoptimization events (8 events):
Event: 8.737 Thread 0x00007fd144134000 Uncommon trap: reason=unstable_if action=reinterpret pc=0x00007fd1351e0988 method=java.util.HashMap.getNode(ILjava/lang/Object;)Ljava/util/HashMap$Node; @ 129
Event: 8.817 Thread 0x00007fd144134000 Uncommon trap: reason=unstable_if action=reinterpret pc=0x00007fd1351e41ec method=java.util.BitSet.nextSetBit(I)I @ 87
Event: 13.682 Thread 0x00007fd14400a000 Uncommon trap: reason=unstable_if action=reinterpret pc=0x00007fd1351abb40 method=java.lang.String.replace(CC)Ljava/lang/String; @ 26
Event: 13.728 Thread 0x00007fd144134000 Uncommon trap: reason=bimorphic action=maybe_recompile pc=0x00007fd1351f7ca4 method=java.util.HashMap.getNode(ILjava/lang/Object;)Ljava/util/HashMap$Node; @ 126
Event: 13.728 Thread 0x00007fd144134000 Uncommon trap: reason=bimorphic action=maybe_recompile pc=0x00007fd1351f7ca4 method=java.util.HashMap.getNode(ILjava/lang/Object;)Ljava/util/HashMap$Node; @ 126
Event: 13.997 Thread 0x00007fd144134000 Uncommon trap: reason=bimorphic action=maybe_recompile pc=0x00007fd1351f7ca4 method=java.util.HashMap.getNode(ILjava/lang/Object;)Ljava/util/HashMap$Node; @ 126
Event: 13.998 Thread 0x00007fd144134000 Uncommon trap: reason=bimorphic action=maybe_recompile pc=0x00007fd1351f7ca4 method=java.util.HashMap.getNode(ILjava/lang/Object;)Ljava/util/HashMap$Node; @ 126
Event: 14.057 Thread 0x00007fd14412e000 Uncommon trap: reason=bimorphic action=maybe_recompile pc=0x00007fd1352aaba8 method=java.util.HashMap.getNode(ILjava/lang/Object;)Ljava/util/HashMap$Node; @ 126

Internal exceptions (2 events):
Event: 0.194 Thread 0x00007fd14400a000 Exception <a 'java/lang/NoSuchMethodError': Method sun.misc.Unsafe.defineClass(Ljava/lang/String;[BII)Ljava/lang/Class; name or signature does not match> (0x00000000eab07cc0) thrown at [/HUDSON3/workspace/8-2-build-linux-amd64/jdk8u101/7261/hotspot/src/sh
Event: 0.194 Thread 0x00007fd14400a000 Exception <a 'java/lang/NoSuchMethodError': Method sun.misc.Unsafe.prefetchRead(Ljava/lang/Object;J)V name or signature does not match> (0x00000000eab07fa8) thrown at [/HUDSON3/workspace/8-2-build-linux-amd64/jdk8u101/7261/hotspot/src/share/vm/prims/jni.c

Events (10 events):
Event: 21.585 Thread 0x00007fd144132000 DEOPT UNPACKING pc=0x00007fd135047633 sp=0x00007fd12c6adc28 mode 0
Event: 21.586 Thread 0x00007fd144132000 DEOPT PACKING pc=0x00007fd13532bcc8 sp=0x00007fd12c6adcb0
Event: 21.586 Thread 0x00007fd144132000 DEOPT UNPACKING pc=0x00007fd135047633 sp=0x00007fd12c6ada38 mode 0
Event: 21.586 Thread 0x00007fd144132000 DEOPT PACKING pc=0x00007fd1352ba86d sp=0x00007fd12c6adbd0
Event: 21.586 Thread 0x00007fd144132000 DEOPT UNPACKING pc=0x00007fd135047633 sp=0x00007fd12c6ad958 mode 0
Event: 21.589 Thread 0x00007fd144134000 DEOPT PACKING pc=0x00007fd1352ba86d sp=0x00007fd12c5ace50
Event: 21.589 Thread 0x00007fd144134000 DEOPT UNPACKING pc=0x00007fd135047633 sp=0x00007fd12c5acbd8 mode 0
Event: 21.589 Thread 0x00007fd144134000 DEOPT PACKING pc=0x00007fd1352ba86d sp=0x00007fd12c5ace50
Event: 21.590 Thread 0x00007fd144134000 DEOPT UNPACKING pc=0x00007fd135047633 sp=0x00007fd12c5acbd8 mode 0
Event: 24.214 Executing VM operation: ParallelGCFailedAllocation


Dynamic libraries:
00400000-00401000 r-xp 00000000 08:02 1375786                            /usr/local/java/jdk1.8.0_101/bin/java
00600000-00601000 rw-p 00000000 08:02 1375786                            /usr/local/java/jdk1.8.0_101/bin/java
01733000-01754000 rw-p 00000000 00:00 0                                  [heap]
c0000000-c2980000 rw-p 00000000 00:00 0 
c2980000-eab00000 ---p 00000000 00:00 0 
eab00000-ef900000 rw-p 00000000 00:00 0 
f3e00000-100000000 ---p 00000000 00:00 0 
100000000-1000a0000 rw-p 00000000 00:00 0 
1000a0000-140000000 ---p 00000000 00:00 0 
7fd0e0000000-7fd0e0021000 rw-p 00000000 00:00 0 
7fd0e0021000-7fd0e4000000 ---p 00000000 00:00 0 
7fd0e8000000-7fd0e8024000 rw-p 00000000 00:00 0 
7fd0e8024000-7fd0ec000000 ---p 00000000 00:00 0 
7fd0ec000000-7fd0ec026000 rw-p 00000000 00:00 0 
7fd0ec026000-7fd0f0000000 ---p 00000000 00:00 0 
7fd0f0000000-7fd0f002f000 rw-p 00000000 00:00 0 
7fd0f002f000-7fd0f4000000 ---p 00000000 00:00 0 
7fd0f4000000-7fd0f4021000 rw-p 00000000 00:00 0 
7fd0f4021000-7fd0f8000000 ---p 00000000 00:00 0 
7fd0f8000000-7fd0f8021000 rw-p 00000000 00:00 0 
7fd0f8021000-7fd0fc000000 ---p 00000000 00:00 0 
7fd0fc000000-7fd0fc021000 rw-p 00000000 00:00 0 
7fd0fc021000-7fd100000000 ---p 00000000 00:00 0 
7fd100000000-7fd100cee000 rw-p 00000000 00:00 0 
7fd100cee000-7fd104000000 ---p 00000000 00:00 0 
7fd104000000-7fd104764000 rw-p 00000000 00:00 0 
7fd104764000-7fd108000000 ---p 00000000 00:00 0 
7fd108000000-7fd108021000 rw-p 00000000 00:00 0 
7fd108021000-7fd10c000000 ---p 00000000 00:00 0 
7fd10c000000-7fd10c392000 rw-p 00000000 00:00 0 
7fd10c392000-7fd110000000 ---p 00000000 00:00 0 
7fd110000000-7fd110021000 rw-p 00000000 00:00 0 
7fd110021000-7fd114000000 ---p 00000000 00:00 0 
7fd114000000-7fd114021000 rw-p 00000000 00:00 0 
7fd114021000-7fd118000000 ---p 00000000 00:00 0 
7fd118000000-7fd118021000 rw-p 00000000 00:00 0 
7fd118021000-7fd11c000000 ---p 00000000 00:00 0 
7fd11c000000-7fd11c28d000 rw-p 00000000 00:00 0 
7fd11c28d000-7fd120000000 ---p 00000000 00:00 0 
7fd120000000-7fd120021000 rw-p 00000000 00:00 0 
7fd120021000-7fd124000000 ---p 00000000 00:00 0 
7fd128000000-7fd128021000 rw-p 00000000 00:00 0 
7fd128021000-7fd12c000000 ---p 00000000 00:00 0 
7fd12c392000-7fd12c3ad000 r--p 00000000 08:02 788057                     /usr/share/locale-langpack/fi/LC_MESSAGES/libc.mo
7fd12c3ad000-7fd12c3b0000 ---p 00000000 00:00 0 
7fd12c3b0000-7fd12c4ae000 rw-p 00000000 00:00 0                          [stack:6681]
7fd12c4ae000-7fd12c4b1000 ---p 00000000 00:00 0 
7fd12c4b1000-7fd12c5af000 rw-p 00000000 00:00 0                          [stack:6680]
7fd12c5af000-7fd12c5b2000 ---p 00000000 00:00 0 
7fd12c5b2000-7fd12c6b0000 rw-p 00000000 00:00 0                          [stack:6679]
7fd12c6b0000-7fd12c6b3000 ---p 00000000 00:00 0 
7fd12c6b3000-7fd12c7b1000 rw-p 00000000 00:00 0                          [stack:6676]
7fd12c7b1000-7fd12c7b4000 ---p 00000000 00:00 0 
7fd12c7b4000-7fd12c8b2000 rw-p 00000000 00:00 0                          [stack:6674]
7fd12c8b2000-7fd12c8b3000 ---p 00000000 00:00 0 
7fd12c8b3000-7fd12c9b3000 rw-p 00000000 00:00 0                          [stack:6667]
7fd12c9b3000-7fd12c9b6000 ---p 00000000 00:00 0 
7fd12c9b6000-7fd12cab4000 rw-p 00000000 00:00 0                          [stack:6665]
7fd12cab4000-7fd12cab7000 ---p 00000000 00:00 0 
7fd12cab7000-7fd12cbb5000 rw-p 00000000 00:00 0                          [stack:6663]
7fd12cbb5000-7fd12cbb8000 ---p 00000000 00:00 0 
7fd12cbb8000-7fd12ccb6000 rw-p 00000000 00:00 0                          [stack:6662]
7fd12ccb6000-7fd12ccb9000 ---p 00000000 00:00 0 
7fd12ccb9000-7fd12cdb7000 rw-p 00000000 00:00 0                          [stack:6661]
7fd12cdb7000-7fd12cdba000 ---p 00000000 00:00 0 
7fd12cdba000-7fd12ceb8000 rw-p 00000000 00:00 0                          [stack:6652]
7fd12ceb8000-7fd12d3f4000 r--p 00000000 08:02 523416                     /usr/lib/locale/locale-archive
7fd12d3f4000-7fd12d3f7000 ---p 00000000 00:00 0 
7fd12d3f7000-7fd12d4f5000 rw-p 00000000 00:00 0                          [stack:6649]
7fd12d4f5000-7fd12d4f8000 ---p 00000000 00:00 0 
7fd12d4f8000-7fd12d5f6000 rw-p 00000000 00:00 0                          [stack:6646]
7fd12d5f6000-7fd12d5f7000 ---p 00000000 00:00 0 
7fd12d5f7000-7fd130000000 rw-p 00000000 00:00 0                          [stack:6644]
7fd130000000-7fd130021000 rw-p 00000000 00:00 0 
7fd130021000-7fd134000000 ---p 00000000 00:00 0 
7fd13400b000-7fd134012000 r--s 00000000 08:02 527404                     /usr/lib/x86_64-linux-gnu/gconv/gconv-modules.cache
7fd134012000-7fd134021000 r--s 000df000 08:06 3060365                    /home/fuksi/Android/Sdk/build-tools/23.0.1/lib/dx.jar
7fd134021000-7fd134627000 rw-p 00000000 00:00 0 
7fd134627000-7fd134800000 r--s 03d29000 08:02 1519059                    /usr/local/java/jdk1.8.0_101/jre/lib/rt.jar
7fd134800000-7fd134e40000 rw-p 00000000 00:00 0 
7fd134e40000-7fd135000000 ---p 00000000 00:00 0 
7fd135000000-7fd1354e0000 rwxp 00000000 00:00 0 
7fd1354e0000-7fd144000000 ---p 00000000 00:00 0 
7fd144000000-7fd14438e000 rw-p 00000000 00:00 0 
7fd14438e000-7fd148000000 ---p 00000000 00:00 0 
7fd148005000-7fd148320000 rw-p 00000000 00:00 0 
7fd148320000-7fd148321000 ---p 00000000 00:00 0 
7fd148321000-7fd148421000 rw-p 00000000 00:00 0                          [stack:6634]
7fd148421000-7fd148422000 ---p 00000000 00:00 0 
7fd148422000-7fd148522000 rw-p 00000000 00:00 0                          [stack:6628]
7fd148522000-7fd148523000 ---p 00000000 00:00 0 
7fd148523000-7fd148623000 rw-p 00000000 00:00 0                          [stack:6626]
7fd148623000-7fd148624000 ---p 00000000 00:00 0 
7fd148624000-7fd148739000 rw-p 00000000 00:00 0                          [stack:6625]
7fd148739000-7fd14887a000 ---p 00000000 00:00 0 
7fd14887a000-7fd14888f000 rw-p 00000000 00:00 0 
7fd14888f000-7fd1489cf000 ---p 00000000 00:00 0 
7fd1489cf000-7fd1489f7000 rw-p 00000000 00:00 0 
7fd1489f7000-7fd148a7a000 ---p 00000000 00:00 0 
7fd148a7a000-7fd148a8f000 rw-p 00000000 00:00 0 
7fd148a8f000-7fd148e3b000 ---p 00000000 00:00 0 
7fd148e3b000-7fd148e55000 r-xp 00000000 08:02 1519087                    /usr/local/java/jdk1.8.0_101/jre/lib/amd64/libzip.so
7fd148e55000-7fd149055000 ---p 0001a000 08:02 1519087                    /usr/local/java/jdk1.8.0_101/jre/lib/amd64/libzip.so
7fd149055000-7fd149056000 rw-p 0001a000 08:02 1519087                    /usr/local/java/jdk1.8.0_101/jre/lib/amd64/libzip.so
7fd149056000-7fd149060000 r-xp 00000000 08:02 806098                     /lib/x86_64-linux-gnu/libnss_files-2.19.so
7fd149060000-7fd14925f000 ---p 0000a000 08:02 806098                     /lib/x86_64-linux-gnu/libnss_files-2.19.so
7fd14925f000-7fd149260000 r--p 00009000 08:02 806098                     /lib/x86_64-linux-gnu/libnss_files-2.19.so
7fd149260000-7fd149261000 rw-p 0000a000 08:02 806098                     /lib/x86_64-linux-gnu/libnss_files-2.19.so
7fd149261000-7fd14926c000 r-xp 00000000 08:02 787293                     /lib/x86_64-linux-gnu/libnss_nis-2.19.so
7fd14926c000-7fd14946b000 ---p 0000b000 08:02 787293                     /lib/x86_64-linux-gnu/libnss_nis-2.19.so
7fd14946b000-7fd14946c000 r--p 0000a000 08:02 787293                     /lib/x86_64-linux-gnu/libnss_nis-2.19.so
7fd14946c000-7fd14946d000 rw-p 0000b000 08:02 787293                     /lib/x86_64-linux-gnu/libnss_nis-2.19.so
7fd14946d000-7fd149484000 r-xp 00000000 08:02 806092                     /lib/x86_64-linux-gnu/libnsl-2.19.so
7fd149484000-7fd149683000 ---p 00017000 08:02 806092                     /lib/x86_64-linux-gnu/libnsl-2.19.so
7fd149683000-7fd149684000 r--p 00016000 08:02 806092                     /lib/x86_64-linux-gnu/libnsl-2.19.so
7fd149684000-7fd149685000 rw-p 00017000 08:02 806092                     /lib/x86_64-linux-gnu/libnsl-2.19.so
7fd149685000-7fd149687000 rw-p 00000000 00:00 0 
7fd149687000-7fd149690000 r-xp 00000000 08:02 806090                     /lib/x86_64-linux-gnu/libnss_compat-2.19.so
7fd149690000-7fd14988f000 ---p 00009000 08:02 806090                     /lib/x86_64-linux-gnu/libnss_compat-2.19.so
7fd14988f000-7fd149890000 r--p 00008000 08:02 806090                     /lib/x86_64-linux-gnu/libnss_compat-2.19.so
7fd149890000-7fd149891000 rw-p 00009000 08:02 806090                     /lib/x86_64-linux-gnu/libnss_compat-2.19.so
7fd149891000-7fd1498bb000 r-xp 00000000 08:02 1519112                    /usr/local/java/jdk1.8.0_101/jre/lib/amd64/libjava.so
7fd1498bb000-7fd149abb000 ---p 0002a000 08:02 1519112                    /usr/local/java/jdk1.8.0_101/jre/lib/amd64/libjava.so
7fd149abb000-7fd149abd000 rw-p 0002a000 08:02 1519112                    /usr/local/java/jdk1.8.0_101/jre/lib/amd64/libjava.so
7fd149abd000-7fd149aca000 r-xp 00000000 08:02 1519067                    /usr/local/java/jdk1.8.0_101/jre/lib/amd64/libverify.so
7fd149aca000-7fd149cca000 ---p 0000d000 08:02 1519067                    /usr/local/java/jdk1.8.0_101/jre/lib/amd64/libverify.so
7fd149cca000-7fd149ccc000 rw-p 0000d000 08:02 1519067                    /usr/local/java/jdk1.8.0_101/jre/lib/amd64/libverify.so
7fd149ccc000-7fd149cd3000 r-xp 00000000 08:02 785099                     /lib/x86_64-linux-gnu/librt-2.19.so
7fd149cd3000-7fd149ed2000 ---p 00007000 08:02 785099                     /lib/x86_64-linux-gnu/librt-2.19.so
7fd149ed2000-7fd149ed3000 r--p 00006000 08:02 785099                     /lib/x86_64-linux-gnu/librt-2.19.so
7fd149ed3000-7fd149ed4000 rw-p 00007000 08:02 785099                     /lib/x86_64-linux-gnu/librt-2.19.so
7fd149ed4000-7fd149fd9000 r-xp 00000000 08:02 806093                     /lib/x86_64-linux-gnu/libm-2.19.so
7fd149fd9000-7fd14a1d8000 ---p 00105000 08:02 806093                     /lib/x86_64-linux-gnu/libm-2.19.so
7fd14a1d8000-7fd14a1d9000 r--p 00104000 08:02 806093                     /lib/x86_64-linux-gnu/libm-2.19.so
7fd14a1d9000-7fd14a1da000 rw-p 00105000 08:02 806093                     /lib/x86_64-linux-gnu/libm-2.19.so
7fd14a1da000-7fd14aea5000 r-xp 00000000 08:02 1519115                    /usr/local/java/jdk1.8.0_101/jre/lib/amd64/server/libjvm.so
7fd14aea5000-7fd14b0a4000 ---p 00ccb000 08:02 1519115                    /usr/local/java/jdk1.8.0_101/jre/lib/amd64/server/libjvm.so
7fd14b0a4000-7fd14b17d000 rw-p 00cca000 08:02 1519115                    /usr/local/java/jdk1.8.0_101/jre/lib/amd64/server/libjvm.so
7fd14b17d000-7fd14b1c8000 rw-p 00000000 00:00 0 
7fd14b1c8000-7fd14b386000 r-xp 00000000 08:02 806089                     /lib/x86_64-linux-gnu/libc-2.19.so
7fd14b386000-7fd14b585000 ---p 001be000 08:02 806089                     /lib/x86_64-linux-gnu/libc-2.19.so
7fd14b585000-7fd14b589000 r--p 001bd000 08:02 806089                     /lib/x86_64-linux-gnu/libc-2.19.so
7fd14b589000-7fd14b58b000 rw-p 001c1000 08:02 806089                     /lib/x86_64-linux-gnu/libc-2.19.so
7fd14b58b000-7fd14b590000 rw-p 00000000 00:00 0 
7fd14b590000-7fd14b593000 r-xp 00000000 08:02 806099                     /lib/x86_64-linux-gnu/libdl-2.19.so
7fd14b593000-7fd14b792000 ---p 00003000 08:02 806099                     /lib/x86_64-linux-gnu/libdl-2.19.so
7fd14b792000-7fd14b793000 r--p 00002000 08:02 806099                     /lib/x86_64-linux-gnu/libdl-2.19.so
7fd14b793000-7fd14b794000 rw-p 00003000 08:02 806099                     /lib/x86_64-linux-gnu/libdl-2.19.so
7fd14b794000-7fd14b7a9000 r-xp 00000000 08:02 160570                     /usr/local/java/jdk1.8.0_101/lib/amd64/jli/libjli.so
7fd14b7a9000-7fd14b9a9000 ---p 00015000 08:02 160570                     /usr/local/java/jdk1.8.0_101/lib/amd64/jli/libjli.so
7fd14b9a9000-7fd14b9aa000 rw-p 00015000 08:02 160570                     /usr/local/java/jdk1.8.0_101/lib/amd64/jli/libjli.so
7fd14b9aa000-7fd14b9c3000 r-xp 00000000 08:02 806100                     /lib/x86_64-linux-gnu/libpthread-2.19.so
7fd14b9c3000-7fd14bbc2000 ---p 00019000 08:02 806100                     /lib/x86_64-linux-gnu/libpthread-2.19.so
7fd14bbc2000-7fd14bbc3000 r--p 00018000 08:02 806100                     /lib/x86_64-linux-gnu/libpthread-2.19.so
7fd14bbc3000-7fd14bbc4000 rw-p 00019000 08:02 806100                     /lib/x86_64-linux-gnu/libpthread-2.19.so
7fd14bbc4000-7fd14bbc8000 rw-p 00000000 00:00 0 
7fd14bbc8000-7fd14bbeb000 r-xp 00000000 08:02 806097                     /lib/x86_64-linux-gnu/ld-2.19.so
7fd14bbf1000-7fd14bcc3000 rw-p 00000000 00:00 0 
7fd14bcc3000-7fd14bcc6000 ---p 00000000 00:00 0 
7fd14bcc6000-7fd14bdc8000 rw-p 00000000 00:00 0                          [stack:6621]
7fd14bdc9000-7fd14bdde000 rw-p 00000000 00:00 0 
7fd14bdde000-7fd14bde6000 rw-s 00000000 08:02 1200863                    /tmp/hsperfdata_fuksi/6617
7fd14bde6000-7fd14bde7000 rw-p 00000000 00:00 0 
7fd14bde7000-7fd14bde8000 ---p 00000000 00:00 0 
7fd14bde8000-7fd14bdea000 rw-p 00000000 00:00 0 
7fd14bdea000-7fd14bdeb000 r--p 00022000 08:02 806097                     /lib/x86_64-linux-gnu/ld-2.19.so
7fd14bdeb000-7fd14bdec000 rw-p 00023000 08:02 806097                     /lib/x86_64-linux-gnu/ld-2.19.so
7fd14bdec000-7fd14bded000 rw-p 00000000 00:00 0 
7fffa227e000-7fffa22a0000 rw-p 00000000 00:00 0                          [stack]
7fffa231e000-7fffa2320000 r-xp 00000000 00:00 0                          [vdso]
ffffffffff600000-ffffffffff601000 r-xp 00000000 00:00 0                  [vsyscall]

VM Arguments:
jvm_args: -Djava.awt.headless=true -Xmx1024M -Dfile.encoding=UTF-8 -Duser.country=FI -Duser.language=fi -Duser.variant 
java_command: com.android.dx.command.Main --dex --num-threads=4 --output /home/fuksi/Raine/OPINNOT/HY/Ohjelmistotuotantoprojekti 581260/eksy/EKSY/android/app/build/intermediates/pre-dexed/debug/com.google.android.gms-play-services-maps-10.2.4_a6579264b0987187a06ede91343a053d481c4c32.jar /home/fuksi/Raine/OPINNOT/HY/Ohjelmistotuotantoprojekti 581260/eksy/EKSY/android/app/build/intermediates/exploded-aar/com.google.android.gms/play-services-maps/10.2.4/jars/classes.jar
java_class_path (initial): /home/fuksi/Android/Sdk/build-tools/23.0.1/lib/dx.jar
Launcher Type: SUN_STANDARD

Environment Variables:
JAVA_HOME=/usr/local/java/jdk1.8.0_101
JRE_HOME=/usr/local/java/jre1.8.0_101
PATH=/opt/flutter/bin:/home/fuksi/anaconda3/bin:/home/fuksi/.sdkman/candidates/gradle/current/bin:/home/fuksi/bin:/usr/local/sbin:/usr/local/bin:/usr/sbin:/usr/bin:/sbin:/bin:/usr/games:/usr/local/games:/usr/local/java/jre1.8.0_101/bin:/usr/local/java/jdk1.8.0_101/bin:/home/fuksi/Android/Sdk/tools:/home/fuksi/Android/Sdk/platform-tool:/home/fuksi/bin:/home/fuksi/todo.txt_cli-2.10/todo.sh
SHELL=/bin/bash
DISPLAY=:0.0

Signal Handlers:
SIGSEGV: [libjvm.so+0xac4790], sa_mask[0]=11111111011111111101111111111110, sa_flags=SA_RESTART|SA_SIGINFO
SIGBUS: [libjvm.so+0xac4790], sa_mask[0]=11111111011111111101111111111110, sa_flags=SA_RESTART|SA_SIGINFO
SIGFPE: [libjvm.so+0x91f140], sa_mask[0]=11111111011111111101111111111110, sa_flags=SA_RESTART|SA_SIGINFO
SIGPIPE: [libjvm.so+0x91f140], sa_mask[0]=11111111011111111101111111111110, sa_flags=SA_RESTART|SA_SIGINFO
SIGXFSZ: [libjvm.so+0x91f140], sa_mask[0]=11111111011111111101111111111110, sa_flags=SA_RESTART|SA_SIGINFO
SIGILL: [libjvm.so+0x91f140], sa_mask[0]=11111111011111111101111111111110, sa_flags=SA_RESTART|SA_SIGINFO
SIGUSR1: SIG_DFL, sa_mask[0]=00000000000000000000000000000000, sa_flags=none
SIGUSR2: [libjvm.so+0x920770], sa_mask[0]=00100000000000000000000000000000, sa_flags=SA_RESTART|SA_SIGINFO
SIGHUP: [libjvm.so+0x921b70], sa_mask[0]=11111111011111111101111111111110, sa_flags=SA_RESTART|SA_SIGINFO
SIGINT: [libjvm.so+0x921b70], sa_mask[0]=11111111011111111101111111111110, sa_flags=SA_RESTART|SA_SIGINFO
SIGTERM: [libjvm.so+0x921b70], sa_mask[0]=11111111011111111101111111111110, sa_flags=SA_RESTART|SA_SIGINFO
SIGQUIT: [libjvm.so+0x921b70], sa_mask[0]=11111111011111111101111111111110, sa_flags=SA_RESTART|SA_SIGINFO


---------------  S Y S T E M  ---------------

OS:DISTRIB_ID=Ubuntu
DISTRIB_RELEASE=14.04
DISTRIB_CODENAME=trusty
DISTRIB_DESCRIPTION="Ubuntu 14.04.5 LTS"

uname:Linux 3.13.0-119-generic #166-Ubuntu SMP Wed May 3 12:18:55 UTC 2017 x86_64
libc:glibc 2.19 NPTL 2.19 
rlimit: STACK 8192k, CORE 0k, NPROC 30626, NOFILE 4096, AS infinity
load average:30.33 14.50 6.92

/proc/meminfo:
MemTotal:        3942624 kB
MemFree:           86964 kB
Buffers:             472 kB
Cached:           523160 kB
SwapCached:        13784 kB
Active:          2597636 kB
Inactive:         970324 kB
Active(anon):    2585772 kB
Inactive(anon):   955092 kB
Active(file):      11864 kB
Inactive(file):    15232 kB
Unevictable:        2272 kB
Mlocked:            2272 kB
SwapTotal:       4999164 kB
SwapFree:              0 kB
Dirty:                 0 kB
Writeback:           128 kB
AnonPages:       3034688 kB
Mapped:            17756 kB
Shmem:            495920 kB
Slab:             127032 kB
SReclaimable:      72156 kB
SUnreclaim:        54876 kB
KernelStack:        9552 kB
PageTables:        75748 kB
NFS_Unstable:          0 kB
Bounce:                0 kB
WritebackTmp:          0 kB
CommitLimit:     6970476 kB
Committed_AS:   16347304 kB
VmallocTotal:   34359738367 kB
VmallocUsed:      550120 kB
VmallocChunk:   34359093264 kB
HardwareCorrupted:     0 kB
AnonHugePages:     92160 kB
HugePages_Total:       0
HugePages_Free:        0
HugePages_Rsvd:        0
HugePages_Surp:        0
Hugepagesize:       2048 kB
DirectMap4k:       77312 kB
DirectMap2M:     4012032 kB
DirectMap1G:           0 kB


CPU:total 4 (2 cores per cpu, 2 threads per core) family 6 model 69 stepping 1, cmov, cx8, fxsr, mmx, sse, sse2, sse3, ssse3, sse4.1, sse4.2, popcnt, avx, avx2, aes, clmul, erms, lzcnt, ht, tsc, tscinvbit, bmi1, bmi2

/proc/cpuinfo:
processor	: 0
vendor_id	: GenuineIntel
cpu family	: 6
model		: 69
model name	: Intel(R) Core(TM) i5-4210U CPU @ 1.70GHz
stepping	: 1
microcode	: 0x1c
cpu MHz		: 2401.000
cache size	: 3072 KB
physical id	: 0
siblings	: 4
core id		: 0
cpu cores	: 2
apicid		: 0
initial apicid	: 0
fpu		: yes
fpu_exception	: yes
cpuid level	: 13
wp		: yes
flags		: fpu vme de pse tsc msr pae mce cx8 apic sep mtrr pge mca cmov pat pse36 clflush dts acpi mmx fxsr sse sse2 ss ht tm pbe syscall nx pdpe1gb rdtscp lm constant_tsc arch_perfmon pebs bts rep_good nopl xtopology nonstop_tsc aperfmperf eagerfpu pni pclmulqdq dtes64 monitor ds_cpl vmx est tm2 ssse3 fma cx16 xtpr pdcm pcid sse4_1 sse4_2 movbe popcnt tsc_deadline_timer aes xsave avx f16c rdrand lahf_lm abm ida arat epb xsaveopt pln pts dtherm tpr_shadow vnmi flexpriority ept vpid fsgsbase tsc_adjust bmi1 avx2 smep bmi2 erms invpcid
bogomips	: 4788.74
clflush size	: 64
cache_alignment	: 64
address sizes	: 39 bits physical, 48 bits virtual
power management:

processor	: 1
vendor_id	: GenuineIntel
cpu family	: 6
model		: 69
model name	: Intel(R) Core(TM) i5-4210U CPU @ 1.70GHz
stepping	: 1
microcode	: 0x1c
cpu MHz		: 2401.000
cache size	: 3072 KB
physical id	: 0
siblings	: 4
core id		: 0
cpu cores	: 2
apicid		: 1
initial apicid	: 1
fpu		: yes
fpu_exception	: yes
cpuid level	: 13
wp		: yes
flags		: fpu vme de pse tsc msr pae mce cx8 apic sep mtrr pge mca cmov pat pse36 clflush dts acpi mmx fxsr sse sse2 ss ht tm pbe syscall nx pdpe1gb rdtscp lm constant_tsc arch_perfmon pebs bts rep_good nopl xtopology nonstop_tsc aperfmperf eagerfpu pni pclmulqdq dtes64 monitor ds_cpl vmx est tm2 ssse3 fma cx16 xtpr pdcm pcid sse4_1 sse4_2 movbe popcnt tsc_deadline_timer aes xsave avx f16c rdrand lahf_lm abm ida arat epb xsaveopt pln pts dtherm tpr_shadow vnmi flexpriority ept vpid fsgsbase tsc_adjust bmi1 avx2 smep bmi2 erms invpcid
bogomips	: 4788.74
clflush size	: 64
cache_alignment	: 64
address sizes	: 39 bits physical, 48 bits virtual
power management:

processor	: 2
vendor_id	: GenuineIntel
cpu family	: 6
model		: 69
model name	: Intel(R) Core(TM) i5-4210U CPU @ 1.70GHz
stepping	: 1
microcode	: 0x1c
cpu MHz		: 2401.000
cache size	: 3072 KB
physical id	: 0
siblings	: 4
core id		: 1
cpu cores	: 2
apicid		: 2
initial apicid	: 2
fpu		: yes
fpu_exception	: yes
cpuid level	: 13
wp		: yes
flags		: fpu vme de pse tsc msr pae mce cx8 apic sep mtrr pge mca cmov pat pse36 clflush dts acpi mmx fxsr sse sse2 ss ht tm pbe syscall nx pdpe1gb rdtscp lm constant_tsc arch_perfmon pebs bts rep_good nopl xtopology nonstop_tsc aperfmperf eagerfpu pni pclmulqdq dtes64 monitor ds_cpl vmx est tm2 ssse3 fma cx16 xtpr pdcm pcid sse4_1 sse4_2 movbe popcnt tsc_deadline_timer aes xsave avx f16c rdrand lahf_lm abm ida arat epb xsaveopt pln pts dtherm tpr_shadow vnmi flexpriority ept vpid fsgsbase tsc_adjust bmi1 avx2 smep bmi2 erms invpcid
bogomips	: 4788.74
clflush size	: 64
cache_alignment	: 64
address sizes	: 39 bits physical, 48 bits virtual
power management:

processor	: 3
vendor_id	: GenuineIntel
cpu family	: 6
model		: 69
model name	: Intel(R) Core(TM) i5-4210U CPU @ 1.70GHz
stepping	: 1
microcode	: 0x1c
cpu MHz		: 2401.000
cache size	: 3072 KB
physical id	: 0
siblings	: 4
core id		: 1
cpu cores	: 2
apicid		: 3
initial apicid	: 3
fpu		: yes
fpu_exception	: yes
cpuid level	: 13
wp		: yes
flags		: fpu vme de pse tsc msr pae mce cx8 apic sep mtrr pge mca cmov pat pse36 clflush dts acpi mmx fxsr sse sse2 ss ht tm pbe syscall nx pdpe1gb rdtscp lm constant_tsc arch_perfmon pebs bts rep_good nopl xtopology nonstop_tsc aperfmperf eagerfpu pni pclmulqdq dtes64 monitor ds_cpl vmx est tm2 ssse3 fma cx16 xtpr pdcm pcid sse4_1 sse4_2 movbe popcnt tsc_deadline_timer aes xsave avx f16c rdrand lahf_lm abm ida arat epb xsaveopt pln pts dtherm tpr_shadow vnmi flexpriority ept vpid fsgsbase tsc_adjust bmi1 avx2 smep bmi2 erms invpcid
bogomips	: 4788.74
clflush size	: 64
cache_alignment	: 64
address sizes	: 39 bits physical, 48 bits virtual
power management:



Memory: 4k page, physical 3942624k(86248k free), swap 4999164k(12k free)

vm_info: Java HotSpot(TM) 64-Bit Server VM (25.101-b13) for linux-amd64 JRE (1.8.0_101-b13), built on Jun 22 2016 02:59:44 by "java_re" with gcc 4.3.0 20080428 (Red Hat 4.3.0-8)

time: Wed May 24 13:02:04 2017
elapsed time: 26 seconds (0d 0h 0m 26s)

