#
# There is insufficient memory for the Java Runtime Environment to continue.
# Native memory allocation (mmap) failed to map 145752064 bytes for committing reserved memory.
# Possible reasons:
#   The system is out of physical RAM or swap space
#   In 32 bit mode, the process size limit was hit
# Possible solutions:
#   Reduce memory load on the system
#   Increase physical memory or swap space
#   Check if swap backing store is full
#   Use 64 bit Java on a 64 bit OS
#   Decrease Java heap size (-Xmx/-Xms)
#   Decrease number of Java threads
#   Decrease Java thread stack sizes (-Xss)
#   Set larger code cache with -XX:ReservedCodeCacheSize=
# This output file may be truncated or incomplete.
#
#  Out of Memory Error (os_linux.cpp:2627), pid=13427, tid=0x00007f9a1ccfc700
#
# JRE version: Java(TM) SE Runtime Environment (8.0_101-b13) (build 1.8.0_101-b13)
# Java VM: Java HotSpot(TM) 64-Bit Server VM (25.101-b13 mixed mode linux-amd64 compressed oops)
# Failed to write core dump. Core dumps have been disabled. To enable core dumping, try "ulimit -c unlimited" before starting Java again
#

---------------  T H R E A D  ---------------

Current thread (0x00007f9a2c078000):  VMThread [stack: 0x00007f9a1cbfc000,0x00007f9a1ccfd000] [id=13437]

Stack: [0x00007f9a1cbfc000,0x00007f9a1ccfd000],  sp=0x00007f9a1ccfaf60,  free space=1019k
Native frames: (J=compiled Java code, j=interpreted, Vv=VM code, C=native code)
V  [libjvm.so+0xac3f0a]  VMError::report_and_die()+0x2ba
V  [libjvm.so+0x4fbf9b]  report_vm_out_of_memory(char const*, int, unsigned long, VMErrorType, char const*)+0x8b
V  [libjvm.so+0x9222d3]  os::Linux::commit_memory_impl(char*, unsigned long, bool)+0x103
V  [libjvm.so+0x922829]  os::pd_commit_memory(char*, unsigned long, unsigned long, bool)+0x29
V  [libjvm.so+0x91cb2a]  os::commit_memory(char*, unsigned long, unsigned long, bool)+0x2a
V  [libjvm.so+0x991053]  PSVirtualSpace::expand_by(unsigned long)+0x53
V  [libjvm.so+0x992458]  PSYoungGen::resize_generation(unsigned long, unsigned long)+0xf8
V  [libjvm.so+0x9915b2]  PSYoungGen::resize(unsigned long, unsigned long)+0x22
V  [libjvm.so+0x98e88b]  PSScavenge::invoke_no_policy()+0xf3b
V  [libjvm.so+0x98f011]  PSScavenge::invoke()+0x41
V  [libjvm.so+0x945fc0]  ParallelScavengeHeap::failed_mem_allocate(unsigned long)+0x70
V  [libjvm.so+0xac5927]  VM_ParallelGCFailedAllocation::doit()+0x97
V  [libjvm.so+0xacd405]  VM_Operation::evaluate()+0x55
V  [libjvm.so+0xacb7da]  VMThread::evaluate_operation(VM_Operation*)+0xba
V  [libjvm.so+0xacbb5e]  VMThread::loop()+0x1ce
V  [libjvm.so+0xacbfd0]  VMThread::run()+0x70
V  [libjvm.so+0x924698]  java_start(Thread*)+0x108

VM_Operation (0x00007f9a159f7a10): ParallelGCFailedAllocation, mode: safepoint, requested by thread 0x00007f9a2c165800


---------------  P R O C E S S  ---------------

Java Threads: ( => current thread )
  0x00007f9a2c165800 JavaThread "pool-1-thread-4" [_thread_blocked, id=13497, stack(0x00007f9a158f9000,0x00007f9a159fa000)]
  0x00007f9a2c164000 JavaThread "pool-1-thread-3" [_thread_blocked, id=13496, stack(0x00007f9a159fa000,0x00007f9a15afb000)]
  0x00007f9a2c160000 JavaThread "pool-1-thread-2" [_thread_blocked, id=13495, stack(0x00007f9a15afb000,0x00007f9a15bfc000)]
  0x00007f9a2c15f000 JavaThread "pool-2-thread-1" [_thread_blocked, id=13494, stack(0x00007f9a15bfc000,0x00007f9a15cfd000)]
  0x00007f9a2c15c800 JavaThread "pool-1-thread-1" [_thread_blocked, id=13493, stack(0x00007f9a15cfd000,0x00007f9a15dfe000)]
  0x00007f9a2c0c1800 JavaThread "Service Thread" daemon [_thread_blocked, id=13444, stack(0x00007f9a15eff000,0x00007f9a16000000)]
  0x00007f9a2c0be800 JavaThread "C1 CompilerThread2" daemon [_thread_blocked, id=13443, stack(0x00007f9a1c0ba000,0x00007f9a1c1bb000)]
  0x00007f9a2c0bc800 JavaThread "C2 CompilerThread1" daemon [_thread_blocked, id=13442, stack(0x00007f9a1c1bb000,0x00007f9a1c2bc000)]
  0x00007f9a2c0b9800 JavaThread "C2 CompilerThread0" daemon [_thread_blocked, id=13441, stack(0x00007f9a1c2bc000,0x00007f9a1c3bd000)]
  0x00007f9a2c0b8800 JavaThread "Signal Dispatcher" daemon [_thread_blocked, id=13440, stack(0x00007f9a1c3bd000,0x00007f9a1c4be000)]
  0x00007f9a2c084000 JavaThread "Finalizer" daemon [_thread_blocked, id=13439, stack(0x00007f9a1c9fa000,0x00007f9a1cafb000)]
  0x00007f9a2c07f800 JavaThread "Reference Handler" daemon [_thread_blocked, id=13438, stack(0x00007f9a1cafb000,0x00007f9a1cbfc000)]
  0x00007f9a2c00a000 JavaThread "main" [_thread_blocked, id=13432, stack(0x00007f9a352aa000,0x00007f9a353ab000)]

Other Threads:
=>0x00007f9a2c078000 VMThread [stack: 0x00007f9a1cbfc000,0x00007f9a1ccfd000] [id=13437]
  0x00007f9a2c0c4000 WatcherThread [stack: 0x00007f9a15dfe000,0x00007f9a15eff000] [id=13446]

VM state:at safepoint (normal execution)

VM Mutex/Monitor currently owned by a thread:  ([mutex/lock_event])
[0x00007f9a2c006590] Threads_lock - owner thread: 0x00007f9a2c078000
[0x00007f9a2c006a90] Heap_lock - owner thread: 0x00007f9a2c165800

Heap:
 PSYoungGen      total 139776K, used 15335K [0x00000000eab00000, 0x00000000f4500000, 0x0000000100000000)
  eden space 124416K, 0% used [0x00000000eab00000,0x00000000eab00000,0x00000000f2480000)
  from space 15360K, 99% used [0x00000000f2480000,0x00000000f3379f40,0x00000000f3380000)
  to   space 12800K, 0% used [0x00000000f3380000,0x00000000f3380000,0x00000000f4000000)
 ParOldGen       total 42496K, used 41144K [0x00000000c0000000, 0x00000000c2980000, 0x00000000eab00000)
  object space 42496K, 96% used [0x00000000c0000000,0x00000000c282e088,0x00000000c2980000)
 Metaspace       used 6017K, capacity 7088K, committed 7296K, reserved 1056768K
  class space    used 593K, capacity 616K, committed 640K, reserved 1048576K

Card table byte_map: [0x00007f9a31e61000,0x00007f9a32062000] byte_map_base: 0x00007f9a31861000

Marking Bits: (ParMarkBitMap*) 0x00007f9a34782120
 Begin Bits: [0x00007f9a16000000, 0x00007f9a17000000)
 End Bits:   [0x00007f9a17000000, 0x00007f9a18000000)

Polling page: 0x00007f9a353ce000

CodeCache: size=245760Kb used=6537Kb max_used=6537Kb free=239222Kb
 bounds [0x00007f9a1d000000, 0x00007f9a1d670000, 0x00007f9a2c000000]
 total_blobs=1936 nmethods=1673 adapters=176
 compilation: enabled

Compilation events (10 events):
Event: 11.401 Thread 0x00007f9a2c0be800 nmethod 2015 0x00007f9a1d663250 code [0x00007f9a1d6633c0, 0x00007f9a1d6635e8]
Event: 11.401 Thread 0x00007f9a2c0be800 2024       2       com.android.dx.rop.annotation.NameValuePair::<init> (43 bytes)
Event: 11.402 Thread 0x00007f9a2c0be800 nmethod 2024 0x00007f9a1d663750 code [0x00007f9a1d6638e0, 0x00007f9a1d663bb8]
Event: 11.402 Thread 0x00007f9a2c0be800 1918       2       com.android.dx.dex.file.ClassDefItem::addDirectMethod (9 bytes)
Event: 11.402 Thread 0x00007f9a2c0be800 nmethod 1918 0x00007f9a1d663d10 code [0x00007f9a1d663ea0, 0x00007f9a1d6641d8]
Event: 11.402 Thread 0x00007f9a2c0be800 1919       2       com.android.dx.dex.file.ClassDataItem::addDirectMethod (24 bytes)
Event: 11.403 Thread 0x00007f9a2c0be800 nmethod 1919 0x00007f9a1d664490 code [0x00007f9a1d664620, 0x00007f9a1d664978]
Event: 11.403 Thread 0x00007f9a2c0be800 2029       2       sun.misc.Unsafe::getAndAddInt (27 bytes)
Event: 11.403 Thread 0x00007f9a2c0be800 nmethod 2029 0x00007f9a1d664c10 code [0x00007f9a1d664d80, 0x00007f9a1d664f50]
Event: 11.403 Thread 0x00007f9a2c0be800 2013       2       com.android.dx.rop.code.RegisterSpec::withLocalItem (41 bytes)

GC Heap History (10 events):
Event: 3.176 GC heap after
Heap after GC invocations=2 (full 0):
 PSYoungGen      total 34304K, used 2528K [0x00000000eab00000, 0x00000000ecf00000, 0x0000000100000000)
  eden space 31744K, 0% used [0x00000000eab00000,0x00000000eab00000,0x00000000eca00000)
  from space 2560K, 98% used [0x00000000ecc80000,0x00000000ecef8030,0x00000000ecf00000)
  to   space 2560K, 0% used [0x00000000eca00000,0x00000000eca00000,0x00000000ecc80000)
 ParOldGen       total 42496K, used 4380K [0x00000000c0000000, 0x00000000c2980000, 0x00000000eab00000)
  object space 42496K, 10% used [0x00000000c0000000,0x00000000c04473a0,0x00000000c2980000)
 Metaspace       used 5517K, capacity 6768K, committed 7040K, reserved 1056768K
  class space    used 572K, capacity 616K, committed 640K, reserved 1048576K
}
Event: 4.208 GC heap before
{Heap before GC invocations=3 (full 0):
 PSYoungGen      total 34304K, used 34272K [0x00000000eab00000, 0x00000000ecf00000, 0x0000000100000000)
  eden space 31744K, 100% used [0x00000000eab00000,0x00000000eca00000,0x00000000eca00000)
  from space 2560K, 98% used [0x00000000ecc80000,0x00000000ecef8030,0x00000000ecf00000)
  to   space 2560K, 0% used [0x00000000eca00000,0x00000000eca00000,0x00000000ecc80000)
 ParOldGen       total 42496K, used 4380K [0x00000000c0000000, 0x00000000c2980000, 0x00000000eab00000)
  object space 42496K, 10% used [0x00000000c0000000,0x00000000c04473a0,0x00000000c2980000)
 Metaspace       used 5594K, capacity 6832K, committed 7040K, reserved 1056768K
  class space    used 573K, capacity 616K, committed 640K, reserved 1048576K
Event: 4.293 GC heap after
Heap after GC invocations=3 (full 0):
 PSYoungGen      total 34304K, used 2528K [0x00000000eab00000, 0x00000000eee00000, 0x0000000100000000)
  eden space 31744K, 0% used [0x00000000eab00000,0x00000000eab00000,0x00000000eca00000)
  from space 2560K, 98% used [0x00000000eca00000,0x00000000ecc78020,0x00000000ecc80000)
  to   space 2560K, 0% used [0x00000000eeb80000,0x00000000eeb80000,0x00000000eee00000)
 ParOldGen       total 42496K, used 9737K [0x00000000c0000000, 0x00000000c2980000, 0x00000000eab00000)
  object space 42496K, 22% used [0x00000000c0000000,0x00000000c0982508,0x00000000c2980000)
 Metaspace       used 5594K, capacity 6832K, committed 7040K, reserved 1056768K
  class space    used 573K, capacity 616K, committed 640K, reserved 1048576K
}
Event: 4.886 GC heap before
{Heap before GC invocations=4 (full 0):
 PSYoungGen      total 34304K, used 34272K [0x00000000eab00000, 0x00000000eee00000, 0x0000000100000000)
  eden space 31744K, 100% used [0x00000000eab00000,0x00000000eca00000,0x00000000eca00000)
  from space 2560K, 98% used [0x00000000eca00000,0x00000000ecc78020,0x00000000ecc80000)
  to   space 2560K, 0% used [0x00000000eeb80000,0x00000000eeb80000,0x00000000eee00000)
 ParOldGen       total 42496K, used 9737K [0x00000000c0000000, 0x00000000c2980000, 0x00000000eab00000)
  object space 42496K, 22% used [0x00000000c0000000,0x00000000c0982508,0x00000000c2980000)
 Metaspace       used 5636K, capacity 6896K, committed 7040K, reserved 1056768K
  class space    used 573K, capacity 616K, committed 640K, reserved 1048576K
Event: 4.948 GC heap after
Heap after GC invocations=4 (full 0):
 PSYoungGen      total 66048K, used 2539K [0x00000000eab00000, 0x00000000eee00000, 0x0000000100000000)
  eden space 63488K, 0% used [0x00000000eab00000,0x00000000eab00000,0x00000000ee900000)
  from space 2560K, 99% used [0x00000000eeb80000,0x00000000eedfac78,0x00000000eee00000)
  to   space 2560K, 0% used [0x00000000ee900000,0x00000000ee900000,0x00000000eeb80000)
 ParOldGen       total 42496K, used 14873K [0x00000000c0000000, 0x00000000c2980000, 0x00000000eab00000)
  object space 42496K, 34% used [0x00000000c0000000,0x00000000c0e864b0,0x00000000c2980000)
 Metaspace       used 5636K, capacity 6896K, committed 7040K, reserved 1056768K
  class space    used 573K, capacity 616K, committed 640K, reserved 1048576K
}
Event: 6.927 GC heap before
{Heap before GC invocations=5 (full 0):
 PSYoungGen      total 66048K, used 66027K [0x00000000eab00000, 0x00000000eee00000, 0x0000000100000000)
  eden space 63488K, 100% used [0x00000000eab00000,0x00000000ee900000,0x00000000ee900000)
  from space 2560K, 99% used [0x00000000eeb80000,0x00000000eedfac78,0x00000000eee00000)
  to   space 2560K, 0% used [0x00000000ee900000,0x00000000ee900000,0x00000000eeb80000)
 ParOldGen       total 42496K, used 14873K [0x00000000c0000000, 0x00000000c2980000, 0x00000000eab00000)
  object space 42496K, 34% used [0x00000000c0000000,0x00000000c0e864b0,0x00000000c2980000)
 Metaspace       used 5761K, capacity 6896K, committed 7040K, reserved 1056768K
  class space    used 592K, capacity 616K, committed 640K, reserved 1048576K
Event: 7.086 GC heap after
Heap after GC invocations=5 (full 0):
 PSYoungGen      total 66048K, used 2539K [0x00000000eab00000, 0x00000000f4000000, 0x0000000100000000)
  eden space 63488K, 0% used [0x00000000eab00000,0x00000000eab00000,0x00000000ee900000)
  from space 2560K, 99% used [0x00000000ee900000,0x00000000eeb7ac78,0x00000000eeb80000)
  to   space 12800K, 0% used [0x00000000f3380000,0x00000000f3380000,0x00000000f4000000)
 ParOldGen       total 42496K, used 24623K [0x00000000c0000000, 0x00000000c2980000, 0x00000000eab00000)
  object space 42496K, 57% used [0x00000000c0000000,0x00000000c180bfa0,0x00000000c2980000)
 Metaspace       used 5761K, capacity 6896K, committed 7040K, reserved 1056768K
  class space    used 592K, capacity 616K, committed 640K, reserved 1048576K
}
Event: 8.399 GC heap before
{Heap before GC invocations=6 (full 0):
 PSYoungGen      total 66048K, used 66027K [0x00000000eab00000, 0x00000000f4000000, 0x0000000100000000)
  eden space 63488K, 100% used [0x00000000eab00000,0x00000000ee900000,0x00000000ee900000)
  from space 2560K, 99% used [0x00000000ee900000,0x00000000eeb7ac78,0x00000000eeb80000)
  to   space 12800K, 0% used [0x00000000f3380000,0x00000000f3380000,0x00000000f4000000)
 ParOldGen       total 42496K, used 24623K [0x00000000c0000000, 0x00000000c2980000, 0x00000000eab00000)
  object space 42496K, 57% used [0x00000000c0000000,0x00000000c180bfa0,0x00000000c2980000)
 Metaspace       used 5830K, capacity 6960K, committed 7040K, reserved 1056768K
  class space    used 592K, capacity 616K, committed 640K, reserved 1048576K
Event: 8.623 GC heap after
Heap after GC invocations=6 (full 0):
 PSYoungGen      total 137216K, used 12787K [0x00000000eab00000, 0x00000000f4500000, 0x0000000100000000)
  eden space 124416K, 0% used [0x00000000eab00000,0x00000000eab00000,0x00000000f2480000)
  from space 12800K, 99% used [0x00000000f3380000,0x00000000f3ffce88,0x00000000f4000000)
  to   space 15360K, 0% used [0x00000000f2480000,0x00000000f2480000,0x00000000f3380000)
 ParOldGen       total 42496K, used 25121K [0x00000000c0000000, 0x00000000c2980000, 0x00000000eab00000)
  object space 42496K, 59% used [0x00000000c0000000,0x00000000c1888658,0x00000000c2980000)
 Metaspace       used 5830K, capacity 6960K, committed 7040K, reserved 1056768K
  class space    used 592K, capacity 616K, committed 640K, reserved 1048576K
}
Event: 11.423 GC heap before
{Heap before GC invocations=7 (full 0):
 PSYoungGen      total 137216K, used 137203K [0x00000000eab00000, 0x00000000f4500000, 0x0000000100000000)
  eden space 124416K, 100% used [0x00000000eab00000,0x00000000f2480000,0x00000000f2480000)
  from space 12800K, 99% used [0x00000000f3380000,0x00000000f3ffce88,0x00000000f4000000)
  to   space 15360K, 0% used [0x00000000f2480000,0x00000000f2480000,0x00000000f3380000)
 ParOldGen       total 42496K, used 25121K [0x00000000c0000000, 0x00000000c2980000, 0x00000000eab00000)
  object space 42496K, 59% used [0x00000000c0000000,0x00000000c1888658,0x00000000c2980000)
 Metaspace       used 6017K, capacity 7088K, committed 7296K, reserved 1056768K
  class space    used 593K, capacity 616K, committed 640K, reserved 1048576K

Deoptimization events (10 events):
Event: 4.968 Thread 0x00007f9a2c15c800 Uncommon trap: reason=unstable_if action=reinterpret pc=0x00007f9a1d295320 method=com.android.dx.rop.code.RegisterSpec.equals(ILcom/android/dx/rop/type/TypeBearer;Lcom/android/dx/rop/code/LocalItem;)Z @ 42
Event: 5.148 Thread 0x00007f9a2c165800 Uncommon trap: reason=unstable_if action=reinterpret pc=0x00007f9a1d38687c method=com.android.dx.ssa.SsaMethod.updateOneDefinition(Lcom/android/dx/ssa/SsaInsn;Lcom/android/dx/rop/code/RegisterSpec;)V @ 4
Event: 5.314 Thread 0x00007f9a2c165800 Uncommon trap: reason=unstable_if action=reinterpret pc=0x00007f9a1d3bf8c8 method=com.android.dx.ssa.SsaRenamer$BlockRenamer.visitMoveInsn(Lcom/android/dx/ssa/NormalSsaInsn;)V @ 104
Event: 6.093 Thread 0x00007f9a2c160000 Uncommon trap: reason=bimorphic action=maybe_recompile pc=0x00007f9a1d1d45c4 method=java.util.HashMap.getNode(ILjava/lang/Object;)Ljava/util/HashMap$Node; @ 126
Event: 6.125 Thread 0x00007f9a2c160000 Uncommon trap: reason=bimorphic action=maybe_recompile pc=0x00007f9a1d1d45c4 method=java.util.HashMap.getNode(ILjava/lang/Object;)Ljava/util/HashMap$Node; @ 126
Event: 6.125 Thread 0x00007f9a2c160000 Uncommon trap: reason=bimorphic action=maybe_recompile pc=0x00007f9a1d20c718 method=java.util.HashMap.getNode(ILjava/lang/Object;)Ljava/util/HashMap$Node; @ 126
Event: 6.496 Thread 0x00007f9a2c00a000 Uncommon trap: reason=unstable_if action=reinterpret pc=0x00007f9a1d1ffa28 method=java.lang.String.<init>([CII)V @ 18
Event: 6.652 Thread 0x00007f9a2c160000 Uncommon trap: reason=unstable_if action=reinterpret pc=0x00007f9a1d2825f4 method=java.util.HashMap.putVal(ILjava/lang/Object;Ljava/lang/Object;ZZ)Ljava/lang/Object; @ 162
Event: 6.710 Thread 0x00007f9a2c160000 Uncommon trap: reason=unstable_if action=reinterpret pc=0x00007f9a1d479328 method=java.util.HashMap.getNode(ILjava/lang/Object;)Ljava/util/HashMap$Node; @ 84
Event: 6.721 Thread 0x00007f9a2c15c800 Uncommon trap: reason=unstable_if action=reinterpret pc=0x00007f9a1d442bf8 method=java.util.HashMap.putVal(ILjava/lang/Object;Ljava/lang/Object;ZZ)Ljava/lang/Object; @ 109

Internal exceptions (6 events):
Event: 0.220 Thread 0x00007f9a2c00a000 Exception <a 'java/lang/NoSuchMethodError': Method sun.misc.Unsafe.defineClass(Ljava/lang/String;[BII)Ljava/lang/Class; name or signature does not match> (0x00000000eab07cc0) thrown at [/HUDSON3/workspace/8-2-build-linux-amd64/jdk8u101/7261/hotspot/src/sh
Event: 0.220 Thread 0x00007f9a2c00a000 Exception <a 'java/lang/NoSuchMethodError': Method sun.misc.Unsafe.prefetchRead(Ljava/lang/Object;J)V name or signature does not match> (0x00000000eab07fa8) thrown at [/HUDSON3/workspace/8-2-build-linux-amd64/jdk8u101/7261/hotspot/src/share/vm/prims/jni.c
Event: 3.858 Thread 0x00007f9a2c164000 Implicit null exception at 0x00007f9a1d299515 to 0x00007f9a1d29bd85
Event: 6.660 Thread 0x00007f9a2c160000 Exception <a 'java/lang/ArrayIndexOutOfBoundsException': 18> (0x00000000ee2b24b0) thrown at [/HUDSON3/workspace/8-2-build-linux-amd64/jdk8u101/7261/hotspot/src/share/vm/interpreter/interpreterRuntime.cpp, line 366]
Event: 6.664 Thread 0x00007f9a2c160000 Exception <a 'java/lang/ArrayIndexOutOfBoundsException': 145> (0x00000000ee2b4030) thrown at [/HUDSON3/workspace/8-2-build-linux-amd64/jdk8u101/7261/hotspot/src/share/vm/interpreter/interpreterRuntime.cpp, line 366]
Event: 6.670 Thread 0x00007f9a2c160000 Exception <a 'java/lang/ArrayIndexOutOfBoundsException': 40> (0x00000000ee2b5318) thrown at [/HUDSON3/workspace/8-2-build-linux-amd64/jdk8u101/7261/hotspot/src/share/vm/interpreter/interpreterRuntime.cpp, line 366]

Events (10 events):
Event: 10.397 Thread 0x00007f9a2c00a000 DEOPT UNPACKING pc=0x00007f9a1d047633 sp=0x00007f9a353a85b0 mode 0
Event: 10.448 Thread 0x00007f9a2c164000 DEOPT PACKING pc=0x00007f9a1d4db7ea sp=0x00007f9a15af8f60
Event: 10.448 Thread 0x00007f9a2c164000 DEOPT UNPACKING pc=0x00007f9a1d047633 sp=0x00007f9a15af8cc0 mode 0
Event: 10.970 Thread 0x00007f9a2c160000 DEOPT PACKING pc=0x00007f9a1d4e386d sp=0x00007f9a15bf9b30
Event: 10.970 Thread 0x00007f9a2c160000 DEOPT UNPACKING pc=0x00007f9a1d047633 sp=0x00007f9a15bf9918 mode 0
Event: 11.371 Thread 0x00007f9a2c164000 DEOPT PACKING pc=0x00007f9a1d32e1ec sp=0x00007f9a15af8f20
Event: 11.390 Thread 0x00007f9a2c164000 DEOPT UNPACKING pc=0x00007f9a1d047633 sp=0x00007f9a15af8c20 mode 0
Event: 11.389 Thread 0x00007f9a2c15c800 DEOPT PACKING pc=0x00007f9a1d4e600b sp=0x00007f9a15dfbcb0
Event: 11.395 Thread 0x00007f9a2c15c800 DEOPT UNPACKING pc=0x00007f9a1d047633 sp=0x00007f9a15dfba60 mode 0
Event: 11.403 Executing VM operation: ParallelGCFailedAllocation


Dynamic libraries:
00400000-00401000 r-xp 00000000 08:02 1375786                            /usr/local/java/jdk1.8.0_101/bin/java
00600000-00601000 rw-p 00000000 08:02 1375786                            /usr/local/java/jdk1.8.0_101/bin/java
009d9000-009fa000 rw-p 00000000 00:00 0                                  [heap]
c0000000-c2980000 rw-p 00000000 00:00 0 
c2980000-eab00000 ---p 00000000 00:00 0 
eab00000-f4500000 rw-p 00000000 00:00 0 
fd000000-100000000 ---p 00000000 00:00 0 
100000000-1000a0000 rw-p 00000000 00:00 0 
1000a0000-140000000 ---p 00000000 00:00 0 
7f99cc000000-7f99cc022000 rw-p 00000000 00:00 0 
7f99cc022000-7f99d0000000 ---p 00000000 00:00 0 
7f99d4000000-7f99d4021000 rw-p 00000000 00:00 0 
7f99d4021000-7f99d8000000 ---p 00000000 00:00 0 
7f99d8000000-7f99d8021000 rw-p 00000000 00:00 0 
7f99d8021000-7f99dc000000 ---p 00000000 00:00 0 
7f99dc000000-7f99dc03d000 rw-p 00000000 00:00 0 
7f99dc03d000-7f99e0000000 ---p 00000000 00:00 0 
7f99e0000000-7f99e0021000 rw-p 00000000 00:00 0 
7f99e0021000-7f99e4000000 ---p 00000000 00:00 0 
7f99e4000000-7f99e4021000 rw-p 00000000 00:00 0 
7f99e4021000-7f99e8000000 ---p 00000000 00:00 0 
7f99e8000000-7f99e8021000 rw-p 00000000 00:00 0 
7f99e8021000-7f99ec000000 ---p 00000000 00:00 0 
7f99ec000000-7f99ec5d6000 rw-p 00000000 00:00 0 
7f99ec5d6000-7f99f0000000 ---p 00000000 00:00 0 
7f99f0000000-7f99f0a5e000 rw-p 00000000 00:00 0 
7f99f0a5e000-7f99f4000000 ---p 00000000 00:00 0 
7f99f4000000-7f99f4021000 rw-p 00000000 00:00 0 
7f99f4021000-7f99f8000000 ---p 00000000 00:00 0 
7f99f8000000-7f99f90ce000 rw-p 00000000 00:00 0 
7f99f90ce000-7f99fc000000 ---p 00000000 00:00 0 
7f99fc000000-7f99fc021000 rw-p 00000000 00:00 0 
7f99fc021000-7f9a00000000 ---p 00000000 00:00 0 
7f9a00000000-7f9a00021000 rw-p 00000000 00:00 0 
7f9a00021000-7f9a04000000 ---p 00000000 00:00 0 
7f9a04000000-7f9a04021000 rw-p 00000000 00:00 0 
7f9a04021000-7f9a08000000 ---p 00000000 00:00 0 
7f9a08000000-7f9a0828d000 rw-p 00000000 00:00 0 
7f9a0828d000-7f9a0c000000 ---p 00000000 00:00 0 
7f9a0c000000-7f9a0c021000 rw-p 00000000 00:00 0 
7f9a0c021000-7f9a10000000 ---p 00000000 00:00 0 
7f9a10000000-7f9a10021000 rw-p 00000000 00:00 0 
7f9a10021000-7f9a14000000 ---p 00000000 00:00 0 
7f9a158f9000-7f9a158fc000 ---p 00000000 00:00 0 
7f9a158fc000-7f9a159fa000 rw-p 00000000 00:00 0                          [stack:13497]
7f9a159fa000-7f9a159fd000 ---p 00000000 00:00 0 
7f9a159fd000-7f9a15afb000 rw-p 00000000 00:00 0                          [stack:13496]
7f9a15afb000-7f9a15afe000 ---p 00000000 00:00 0 
7f9a15afe000-7f9a15bfc000 rw-p 00000000 00:00 0                          [stack:13495]
7f9a15bfc000-7f9a15bff000 ---p 00000000 00:00 0 
7f9a15bff000-7f9a15cfd000 rw-p 00000000 00:00 0                          [stack:13494]
7f9a15cfd000-7f9a15d00000 ---p 00000000 00:00 0 
7f9a15d00000-7f9a15dfe000 rw-p 00000000 00:00 0                          [stack:13493]
7f9a15dfe000-7f9a15dff000 ---p 00000000 00:00 0 
7f9a15dff000-7f9a15eff000 rw-p 00000000 00:00 0                          [stack:13446]
7f9a15eff000-7f9a15f02000 ---p 00000000 00:00 0 
7f9a15f02000-7f9a18000000 rw-p 00000000 00:00 0                          [stack:13444]
7f9a18000000-7f9a18021000 rw-p 00000000 00:00 0 
7f9a18021000-7f9a1c000000 ---p 00000000 00:00 0 
7f9a1c072000-7f9a1c08d000 r--p 00000000 08:02 788057                     /usr/share/locale-langpack/fi/LC_MESSAGES/libc.mo
7f9a1c08d000-7f9a1c0ab000 r--s 00137000 08:06 5137632                    /home/fuksi/Raine/OPINNOT/HY/Ohjelmistotuotantoprojekti 581260/eksy/EKSY/android/app/build/intermediates/exploded-aar/com.facebook.react/react-native/0.44.0/jars/classes.jar
7f9a1c0ab000-7f9a1c0ba000 r--s 000df000 08:06 3060365                    /home/fuksi/Android/Sdk/build-tools/23.0.1/lib/dx.jar
7f9a1c0ba000-7f9a1c0bd000 ---p 00000000 00:00 0 
7f9a1c0bd000-7f9a1c1bb000 rw-p 00000000 00:00 0                          [stack:13443]
7f9a1c1bb000-7f9a1c1be000 ---p 00000000 00:00 0 
7f9a1c1be000-7f9a1c2bc000 rw-p 00000000 00:00 0                          [stack:13442]
7f9a1c2bc000-7f9a1c2bf000 ---p 00000000 00:00 0 
7f9a1c2bf000-7f9a1c3bd000 rw-p 00000000 00:00 0                          [stack:13441]
7f9a1c3bd000-7f9a1c3c0000 ---p 00000000 00:00 0 
7f9a1c3c0000-7f9a1c4be000 rw-p 00000000 00:00 0                          [stack:13440]
7f9a1c4be000-7f9a1c9fa000 r--p 00000000 08:02 523416                     /usr/lib/locale/locale-archive
7f9a1c9fa000-7f9a1c9fd000 ---p 00000000 00:00 0 
7f9a1c9fd000-7f9a1cafb000 rw-p 00000000 00:00 0                          [stack:13439]
7f9a1cafb000-7f9a1cafe000 ---p 00000000 00:00 0 
7f9a1cafe000-7f9a1cbfc000 rw-p 00000000 00:00 0                          [stack:13438]
7f9a1cbfc000-7f9a1cbfd000 ---p 00000000 00:00 0 
7f9a1cbfd000-7f9a1d000000 rw-p 00000000 00:00 0                          [stack:13437]
7f9a1d000000-7f9a1d670000 rwxp 00000000 00:00 0 
7f9a1d670000-7f9a2c000000 ---p 00000000 00:00 0 
7f9a2c000000-7f9a2c38e000 rw-p 00000000 00:00 0 
7f9a2c38e000-7f9a30000000 ---p 00000000 00:00 0 
7f9a30000000-7f9a30007000 r--s 00000000 08:02 527404                     /usr/lib/x86_64-linux-gnu/gconv/gconv-modules.cache
7f9a30007000-7f9a30cb8000 rw-p 00000000 00:00 0 
7f9a30cb8000-7f9a30e91000 r--s 03d29000 08:02 1519059                    /usr/local/java/jdk1.8.0_101/jre/lib/rt.jar
7f9a30e91000-7f9a31587000 rw-p 00000000 00:00 0 
7f9a31587000-7f9a31707000 ---p 00000000 00:00 0 
7f9a31707000-7f9a31907000 rw-p 00000000 00:00 0 
7f9a31907000-7f9a31908000 ---p 00000000 00:00 0 
7f9a31908000-7f9a31a08000 rw-p 00000000 00:00 0                          [stack:13436]
7f9a31a08000-7f9a31a09000 ---p 00000000 00:00 0 
7f9a31a09000-7f9a31b09000 rw-p 00000000 00:00 0                          [stack:13435]
7f9a31b09000-7f9a31b0a000 ---p 00000000 00:00 0 
7f9a31b0a000-7f9a31c0a000 rw-p 00000000 00:00 0                          [stack:13434]
7f9a31c0a000-7f9a31c0b000 ---p 00000000 00:00 0 
7f9a31c0b000-7f9a31d20000 rw-p 00000000 00:00 0                          [stack:13433]
7f9a31d20000-7f9a31e61000 ---p 00000000 00:00 0 
7f9a31e61000-7f9a31e76000 rw-p 00000000 00:00 0 
7f9a31e76000-7f9a31fb6000 ---p 00000000 00:00 0 
7f9a31fb6000-7f9a32004000 rw-p 00000000 00:00 0 
7f9a32004000-7f9a32061000 ---p 00000000 00:00 0 
7f9a32061000-7f9a3207c000 rw-p 00000000 00:00 0 
7f9a3207c000-7f9a32422000 ---p 00000000 00:00 0 
7f9a32422000-7f9a3243c000 r-xp 00000000 08:02 1519087                    /usr/local/java/jdk1.8.0_101/jre/lib/amd64/libzip.so
7f9a3243c000-7f9a3263c000 ---p 0001a000 08:02 1519087                    /usr/local/java/jdk1.8.0_101/jre/lib/amd64/libzip.so
7f9a3263c000-7f9a3263d000 rw-p 0001a000 08:02 1519087                    /usr/local/java/jdk1.8.0_101/jre/lib/amd64/libzip.so
7f9a3263d000-7f9a32647000 r-xp 00000000 08:02 806098                     /lib/x86_64-linux-gnu/libnss_files-2.19.so
7f9a32647000-7f9a32846000 ---p 0000a000 08:02 806098                     /lib/x86_64-linux-gnu/libnss_files-2.19.so
7f9a32846000-7f9a32847000 r--p 00009000 08:02 806098                     /lib/x86_64-linux-gnu/libnss_files-2.19.so
7f9a32847000-7f9a32848000 rw-p 0000a000 08:02 806098                     /lib/x86_64-linux-gnu/libnss_files-2.19.so
7f9a32848000-7f9a32853000 r-xp 00000000 08:02 787293                     /lib/x86_64-linux-gnu/libnss_nis-2.19.so
7f9a32853000-7f9a32a52000 ---p 0000b000 08:02 787293                     /lib/x86_64-linux-gnu/libnss_nis-2.19.so
7f9a32a52000-7f9a32a53000 r--p 0000a000 08:02 787293                     /lib/x86_64-linux-gnu/libnss_nis-2.19.so
7f9a32a53000-7f9a32a54000 rw-p 0000b000 08:02 787293                     /lib/x86_64-linux-gnu/libnss_nis-2.19.so
7f9a32a54000-7f9a32a6b000 r-xp 00000000 08:02 806092                     /lib/x86_64-linux-gnu/libnsl-2.19.so
7f9a32a6b000-7f9a32c6a000 ---p 00017000 08:02 806092                     /lib/x86_64-linux-gnu/libnsl-2.19.so
7f9a32c6a000-7f9a32c6b000 r--p 00016000 08:02 806092                     /lib/x86_64-linux-gnu/libnsl-2.19.so
7f9a32c6b000-7f9a32c6c000 rw-p 00017000 08:02 806092                     /lib/x86_64-linux-gnu/libnsl-2.19.so
7f9a32c6c000-7f9a32c6e000 rw-p 00000000 00:00 0 
7f9a32c6e000-7f9a32c77000 r-xp 00000000 08:02 806090                     /lib/x86_64-linux-gnu/libnss_compat-2.19.so
7f9a32c77000-7f9a32e76000 ---p 00009000 08:02 806090                     /lib/x86_64-linux-gnu/libnss_compat-2.19.so
7f9a32e76000-7f9a32e77000 r--p 00008000 08:02 806090                     /lib/x86_64-linux-gnu/libnss_compat-2.19.so
7f9a32e77000-7f9a32e78000 rw-p 00009000 08:02 806090                     /lib/x86_64-linux-gnu/libnss_compat-2.19.so
7f9a32e78000-7f9a32ea2000 r-xp 00000000 08:02 1519112                    /usr/local/java/jdk1.8.0_101/jre/lib/amd64/libjava.so
7f9a32ea2000-7f9a330a2000 ---p 0002a000 08:02 1519112                    /usr/local/java/jdk1.8.0_101/jre/lib/amd64/libjava.so
7f9a330a2000-7f9a330a4000 rw-p 0002a000 08:02 1519112                    /usr/local/java/jdk1.8.0_101/jre/lib/amd64/libjava.so
7f9a330a4000-7f9a330b1000 r-xp 00000000 08:02 1519067                    /usr/local/java/jdk1.8.0_101/jre/lib/amd64/libverify.so
7f9a330b1000-7f9a332b1000 ---p 0000d000 08:02 1519067                    /usr/local/java/jdk1.8.0_101/jre/lib/amd64/libverify.so
7f9a332b1000-7f9a332b3000 rw-p 0000d000 08:02 1519067                    /usr/local/java/jdk1.8.0_101/jre/lib/amd64/libverify.so
7f9a332b3000-7f9a332ba000 r-xp 00000000 08:02 785099                     /lib/x86_64-linux-gnu/librt-2.19.so
7f9a332ba000-7f9a334b9000 ---p 00007000 08:02 785099                     /lib/x86_64-linux-gnu/librt-2.19.so
7f9a334b9000-7f9a334ba000 r--p 00006000 08:02 785099                     /lib/x86_64-linux-gnu/librt-2.19.so
7f9a334ba000-7f9a334bb000 rw-p 00007000 08:02 785099                     /lib/x86_64-linux-gnu/librt-2.19.so
7f9a334bb000-7f9a335c0000 r-xp 00000000 08:02 806093                     /lib/x86_64-linux-gnu/libm-2.19.so
7f9a335c0000-7f9a337bf000 ---p 00105000 08:02 806093                     /lib/x86_64-linux-gnu/libm-2.19.so
7f9a337bf000-7f9a337c0000 r--p 00104000 08:02 806093                     /lib/x86_64-linux-gnu/libm-2.19.so
7f9a337c0000-7f9a337c1000 rw-p 00105000 08:02 806093                     /lib/x86_64-linux-gnu/libm-2.19.so
7f9a337c1000-7f9a3448c000 r-xp 00000000 08:02 1519115                    /usr/local/java/jdk1.8.0_101/jre/lib/amd64/server/libjvm.so
7f9a3448c000-7f9a3468b000 ---p 00ccb000 08:02 1519115                    /usr/local/java/jdk1.8.0_101/jre/lib/amd64/server/libjvm.so
7f9a3468b000-7f9a34764000 rw-p 00cca000 08:02 1519115                    /usr/local/java/jdk1.8.0_101/jre/lib/amd64/server/libjvm.so
7f9a34764000-7f9a347af000 rw-p 00000000 00:00 0 
7f9a347af000-7f9a3496d000 r-xp 00000000 08:02 806089                     /lib/x86_64-linux-gnu/libc-2.19.so
7f9a3496d000-7f9a34b6c000 ---p 001be000 08:02 806089                     /lib/x86_64-linux-gnu/libc-2.19.so
7f9a34b6c000-7f9a34b70000 r--p 001bd000 08:02 806089                     /lib/x86_64-linux-gnu/libc-2.19.so
7f9a34b70000-7f9a34b72000 rw-p 001c1000 08:02 806089                     /lib/x86_64-linux-gnu/libc-2.19.so
7f9a34b72000-7f9a34b77000 rw-p 00000000 00:00 0 
7f9a34b77000-7f9a34b7a000 r-xp 00000000 08:02 806099                     /lib/x86_64-linux-gnu/libdl-2.19.so
7f9a34b7a000-7f9a34d79000 ---p 00003000 08:02 806099                     /lib/x86_64-linux-gnu/libdl-2.19.so
7f9a34d79000-7f9a34d7a000 r--p 00002000 08:02 806099                     /lib/x86_64-linux-gnu/libdl-2.19.so
7f9a34d7a000-7f9a34d7b000 rw-p 00003000 08:02 806099                     /lib/x86_64-linux-gnu/libdl-2.19.so
7f9a34d7b000-7f9a34d90000 r-xp 00000000 08:02 160570                     /usr/local/java/jdk1.8.0_101/lib/amd64/jli/libjli.so
7f9a34d90000-7f9a34f90000 ---p 00015000 08:02 160570                     /usr/local/java/jdk1.8.0_101/lib/amd64/jli/libjli.so
7f9a34f90000-7f9a34f91000 rw-p 00015000 08:02 160570                     /usr/local/java/jdk1.8.0_101/lib/amd64/jli/libjli.so
7f9a34f91000-7f9a34faa000 r-xp 00000000 08:02 806100                     /lib/x86_64-linux-gnu/libpthread-2.19.so
7f9a34faa000-7f9a351a9000 ---p 00019000 08:02 806100                     /lib/x86_64-linux-gnu/libpthread-2.19.so
7f9a351a9000-7f9a351aa000 r--p 00018000 08:02 806100                     /lib/x86_64-linux-gnu/libpthread-2.19.so
7f9a351aa000-7f9a351ab000 rw-p 00019000 08:02 806100                     /lib/x86_64-linux-gnu/libpthread-2.19.so
7f9a351ab000-7f9a351af000 rw-p 00000000 00:00 0 
7f9a351af000-7f9a351d2000 r-xp 00000000 08:02 806097                     /lib/x86_64-linux-gnu/ld-2.19.so
7f9a351d8000-7f9a352aa000 rw-p 00000000 00:00 0 
7f9a352aa000-7f9a352ad000 ---p 00000000 00:00 0 
7f9a352ad000-7f9a353af000 rw-p 00000000 00:00 0                          [stack:13432]
7f9a353b0000-7f9a353c5000 rw-p 00000000 00:00 0 
7f9a353c5000-7f9a353cd000 rw-s 00000000 08:02 1191689                    /tmp/hsperfdata_fuksi/13427
7f9a353cd000-7f9a353ce000 rw-p 00000000 00:00 0 
7f9a353ce000-7f9a353cf000 ---p 00000000 00:00 0 
7f9a353cf000-7f9a353d1000 rw-p 00000000 00:00 0 
7f9a353d1000-7f9a353d2000 r--p 00022000 08:02 806097                     /lib/x86_64-linux-gnu/ld-2.19.so
7f9a353d2000-7f9a353d3000 rw-p 00023000 08:02 806097                     /lib/x86_64-linux-gnu/ld-2.19.so
7f9a353d3000-7f9a353d4000 rw-p 00000000 00:00 0 
7fff92e81000-7fff92ea3000 rw-p 00000000 00:00 0                          [stack]
7fff92f91000-7fff92f93000 r-xp 00000000 00:00 0                          [vdso]
ffffffffff600000-ffffffffff601000 r-xp 00000000 00:00 0                  [vsyscall]

VM Arguments:
jvm_args: -Djava.awt.headless=true -Xmx1024M -Dfile.encoding=UTF-8 -Duser.country=FI -Duser.language=fi -Duser.variant 
java_command: com.android.dx.command.Main --dex --num-threads=4 --output /home/fuksi/Raine/OPINNOT/HY/Ohjelmistotuotantoprojekti 581260/eksy/EKSY/android/app/build/intermediates/pre-dexed/debug/com.facebook.react-react-native-0.44.0_4bb54112638ece00e6301cdf300b0ff8b9d6fdac.jar /home/fuksi/Raine/OPINNOT/HY/Ohjelmistotuotantoprojekti 581260/eksy/EKSY/android/app/build/intermediates/exploded-aar/com.facebook.react/react-native/0.44.0/jars/classes.jar
java_class_path (initial): /home/fuksi/Android/Sdk/build-tools/23.0.1/lib/dx.jar
Launcher Type: SUN_STANDARD

Environment Variables:
JAVA_HOME=/usr/local/java/jdk1.8.0_101
JRE_HOME=/usr/local/java/jre1.8.0_101
PATH=/opt/flutter/bin:/home/fuksi/anaconda3/bin:/home/fuksi/.sdkman/candidates/gradle/current/bin:/home/fuksi/bin:/usr/local/sbin:/usr/local/bin:/usr/sbin:/usr/bin:/sbin:/bin:/usr/games:/usr/local/games:/usr/local/java/jre1.8.0_101/bin:/usr/local/java/jdk1.8.0_101/bin:/home/fuksi/Android/Sdk/tools:/home/fuksi/Android/Sdk/platform-tool:/home/fuksi/bin:/home/fuksi/todo.txt_cli-2.10/todo.sh
SHELL=/bin/bash
DISPLAY=:0.0

Signal Handlers:
SIGSEGV: [libjvm.so+0xac4790], sa_mask[0]=11111111011111111101111111111110, sa_flags=SA_RESTART|SA_SIGINFO
SIGBUS: [libjvm.so+0xac4790], sa_mask[0]=11111111011111111101111111111110, sa_flags=SA_RESTART|SA_SIGINFO
SIGFPE: [libjvm.so+0x91f140], sa_mask[0]=11111111011111111101111111111110, sa_flags=SA_RESTART|SA_SIGINFO
SIGPIPE: [libjvm.so+0x91f140], sa_mask[0]=11111111011111111101111111111110, sa_flags=SA_RESTART|SA_SIGINFO
SIGXFSZ: [libjvm.so+0x91f140], sa_mask[0]=11111111011111111101111111111110, sa_flags=SA_RESTART|SA_SIGINFO
SIGILL: [libjvm.so+0x91f140], sa_mask[0]=11111111011111111101111111111110, sa_flags=SA_RESTART|SA_SIGINFO
SIGUSR1: SIG_DFL, sa_mask[0]=00000000000000000000000000000000, sa_flags=none
SIGUSR2: [libjvm.so+0x920770], sa_mask[0]=00100000000000000000000000000000, sa_flags=SA_RESTART|SA_SIGINFO
SIGHUP: [libjvm.so+0x921b70], sa_mask[0]=11111111011111111101111111111110, sa_flags=SA_RESTART|SA_SIGINFO
SIGINT: [libjvm.so+0x921b70], sa_mask[0]=11111111011111111101111111111110, sa_flags=SA_RESTART|SA_SIGINFO
SIGTERM: [libjvm.so+0x921b70], sa_mask[0]=11111111011111111101111111111110, sa_flags=SA_RESTART|SA_SIGINFO
SIGQUIT: [libjvm.so+0x921b70], sa_mask[0]=11111111011111111101111111111110, sa_flags=SA_RESTART|SA_SIGINFO


---------------  S Y S T E M  ---------------

OS:DISTRIB_ID=Ubuntu
DISTRIB_RELEASE=14.04
DISTRIB_CODENAME=trusty
DISTRIB_DESCRIPTION="Ubuntu 14.04.5 LTS"

uname:Linux 3.13.0-119-generic #166-Ubuntu SMP Wed May 3 12:18:55 UTC 2017 x86_64
libc:glibc 2.19 NPTL 2.19 
rlimit: STACK 8192k, CORE 0k, NPROC 30626, NOFILE 4096, AS infinity
load average:20.73 9.33 7.45

/proc/meminfo:
MemTotal:        3942624 kB
MemFree:          128744 kB
Buffers:             336 kB
Cached:           737904 kB
SwapCached:        10192 kB
Active:          2555384 kB
Inactive:         972540 kB
Active(anon):    2552200 kB
Inactive(anon):   949084 kB
Active(file):       3184 kB
Inactive(file):    23456 kB
Unevictable:        2272 kB
Mlocked:            2272 kB
SwapTotal:       4999164 kB
SwapFree:          44080 kB
Dirty:               292 kB
Writeback:           664 kB
AnonPages:       2783380 kB
Mapped:            12696 kB
Shmem:            711108 kB
Slab:             123484 kB
SReclaimable:      69324 kB
SUnreclaim:        54160 kB
KernelStack:        8544 kB
PageTables:        74652 kB
NFS_Unstable:          0 kB
Bounce:                0 kB
WritebackTmp:          0 kB
CommitLimit:     6970476 kB
Committed_AS:   15705112 kB
VmallocTotal:   34359738367 kB
VmallocUsed:      550120 kB
VmallocChunk:   34359093264 kB
HardwareCorrupted:     0 kB
AnonHugePages:     81920 kB
HugePages_Total:       0
HugePages_Free:        0
HugePages_Rsvd:        0
HugePages_Surp:        0
Hugepagesize:       2048 kB
DirectMap4k:       77312 kB
DirectMap2M:     4012032 kB
DirectMap1G:           0 kB


CPU:total 4 (2 cores per cpu, 2 threads per core) family 6 model 69 stepping 1, cmov, cx8, fxsr, mmx, sse, sse2, sse3, ssse3, sse4.1, sse4.2, popcnt, avx, avx2, aes, clmul, erms, lzcnt, ht, tsc, tscinvbit, bmi1, bmi2

/proc/cpuinfo:
processor	: 0
vendor_id	: GenuineIntel
cpu family	: 6
model		: 69
model name	: Intel(R) Core(TM) i5-4210U CPU @ 1.70GHz
stepping	: 1
microcode	: 0x1c
cpu MHz		: 2401.000
cache size	: 3072 KB
physical id	: 0
siblings	: 4
core id		: 0
cpu cores	: 2
apicid		: 0
initial apicid	: 0
fpu		: yes
fpu_exception	: yes
cpuid level	: 13
wp		: yes
flags		: fpu vme de pse tsc msr pae mce cx8 apic sep mtrr pge mca cmov pat pse36 clflush dts acpi mmx fxsr sse sse2 ss ht tm pbe syscall nx pdpe1gb rdtscp lm constant_tsc arch_perfmon pebs bts rep_good nopl xtopology nonstop_tsc aperfmperf eagerfpu pni pclmulqdq dtes64 monitor ds_cpl vmx est tm2 ssse3 fma cx16 xtpr pdcm pcid sse4_1 sse4_2 movbe popcnt tsc_deadline_timer aes xsave avx f16c rdrand lahf_lm abm ida arat epb xsaveopt pln pts dtherm tpr_shadow vnmi flexpriority ept vpid fsgsbase tsc_adjust bmi1 avx2 smep bmi2 erms invpcid
bogomips	: 4788.74
clflush size	: 64
cache_alignment	: 64
address sizes	: 39 bits physical, 48 bits virtual
power management:

processor	: 1
vendor_id	: GenuineIntel
cpu family	: 6
model		: 69
model name	: Intel(R) Core(TM) i5-4210U CPU @ 1.70GHz
stepping	: 1
microcode	: 0x1c
cpu MHz		: 2401.000
cache size	: 3072 KB
physical id	: 0
siblings	: 4
core id		: 0
cpu cores	: 2
apicid		: 1
initial apicid	: 1
fpu		: yes
fpu_exception	: yes
cpuid level	: 13
wp		: yes
flags		: fpu vme de pse tsc msr pae mce cx8 apic sep mtrr pge mca cmov pat pse36 clflush dts acpi mmx fxsr sse sse2 ss ht tm pbe syscall nx pdpe1gb rdtscp lm constant_tsc arch_perfmon pebs bts rep_good nopl xtopology nonstop_tsc aperfmperf eagerfpu pni pclmulqdq dtes64 monitor ds_cpl vmx est tm2 ssse3 fma cx16 xtpr pdcm pcid sse4_1 sse4_2 movbe popcnt tsc_deadline_timer aes xsave avx f16c rdrand lahf_lm abm ida arat epb xsaveopt pln pts dtherm tpr_shadow vnmi flexpriority ept vpid fsgsbase tsc_adjust bmi1 avx2 smep bmi2 erms invpcid
bogomips	: 4788.74
clflush size	: 64
cache_alignment	: 64
address sizes	: 39 bits physical, 48 bits virtual
power management:

processor	: 2
vendor_id	: GenuineIntel
cpu family	: 6
model		: 69
model name	: Intel(R) Core(TM) i5-4210U CPU @ 1.70GHz
stepping	: 1
microcode	: 0x1c
cpu MHz		: 2401.000
cache size	: 3072 KB
physical id	: 0
siblings	: 4
core id		: 1
cpu cores	: 2
apicid		: 2
initial apicid	: 2
fpu		: yes
fpu_exception	: yes
cpuid level	: 13
wp		: yes
flags		: fpu vme de pse tsc msr pae mce cx8 apic sep mtrr pge mca cmov pat pse36 clflush dts acpi mmx fxsr sse sse2 ss ht tm pbe syscall nx pdpe1gb rdtscp lm constant_tsc arch_perfmon pebs bts rep_good nopl xtopology nonstop_tsc aperfmperf eagerfpu pni pclmulqdq dtes64 monitor ds_cpl vmx est tm2 ssse3 fma cx16 xtpr pdcm pcid sse4_1 sse4_2 movbe popcnt tsc_deadline_timer aes xsave avx f16c rdrand lahf_lm abm ida arat epb xsaveopt pln pts dtherm tpr_shadow vnmi flexpriority ept vpid fsgsbase tsc_adjust bmi1 avx2 smep bmi2 erms invpcid
bogomips	: 4788.74
clflush size	: 64
cache_alignment	: 64
address sizes	: 39 bits physical, 48 bits virtual
power management:

processor	: 3
vendor_id	: GenuineIntel
cpu family	: 6
model		: 69
model name	: Intel(R) Core(TM) i5-4210U CPU @ 1.70GHz
stepping	: 1
microcode	: 0x1c
cpu MHz		: 2401.000
cache size	: 3072 KB
physical id	: 0
siblings	: 4
core id		: 1
cpu cores	: 2
apicid		: 3
initial apicid	: 3
fpu		: yes
fpu_exception	: yes
cpuid level	: 13
wp		: yes
flags		: fpu vme de pse tsc msr pae mce cx8 apic sep mtrr pge mca cmov pat pse36 clflush dts acpi mmx fxsr sse sse2 ss ht tm pbe syscall nx pdpe1gb rdtscp lm constant_tsc arch_perfmon pebs bts rep_good nopl xtopology nonstop_tsc aperfmperf eagerfpu pni pclmulqdq dtes64 monitor ds_cpl vmx est tm2 ssse3 fma cx16 xtpr pdcm pcid sse4_1 sse4_2 movbe popcnt tsc_deadline_timer aes xsave avx f16c rdrand lahf_lm abm ida arat epb xsaveopt pln pts dtherm tpr_shadow vnmi flexpriority ept vpid fsgsbase tsc_adjust bmi1 avx2 smep bmi2 erms invpcid
bogomips	: 4788.74
clflush size	: 64
cache_alignment	: 64
address sizes	: 39 bits physical, 48 bits virtual
power management:



Memory: 4k page, physical 3942624k(128224k free), swap 4999164k(44088k free)

vm_info: Java HotSpot(TM) 64-Bit Server VM (25.101-b13) for linux-amd64 JRE (1.8.0_101-b13), built on Jun 22 2016 02:59:44 by "java_re" with gcc 4.3.0 20080428 (Red Hat 4.3.0-8)

time: Wed May 24 13:42:06 2017
elapsed time: 14 seconds (0d 0h 0m 14s)

