#
# There is insufficient memory for the Java Runtime Environment to continue.
# Native memory allocation (mmap) failed to map 42991616 bytes for committing reserved memory.
# Possible reasons:
#   The system is out of physical RAM or swap space
#   In 32 bit mode, the process size limit was hit
# Possible solutions:
#   Reduce memory load on the system
#   Increase physical memory or swap space
#   Check if swap backing store is full
#   Use 64 bit Java on a 64 bit OS
#   Decrease Java heap size (-Xmx/-Xms)
#   Decrease number of Java threads
#   Decrease Java thread stack sizes (-Xss)
#   Set larger code cache with -XX:ReservedCodeCacheSize=
# This output file may be truncated or incomplete.
#
#  Out of Memory Error (os_linux.cpp:2627), pid=13509, tid=0x00007f0104fff700
#
# JRE version: Java(TM) SE Runtime Environment (8.0_101-b13) (build 1.8.0_101-b13)
# Java VM: Java HotSpot(TM) 64-Bit Server VM (25.101-b13 mixed mode linux-amd64 compressed oops)
# Failed to write core dump. Core dumps have been disabled. To enable core dumping, try "ulimit -c unlimited" before starting Java again
#

---------------  T H R E A D  ---------------

Current thread (0x00007f0114078000):  VMThread [stack: 0x00007f0104eff000,0x00007f0105000000] [id=13519]

Stack: [0x00007f0104eff000,0x00007f0105000000],  sp=0x00007f0104ffe260,  free space=1020k
Native frames: (J=compiled Java code, j=interpreted, Vv=VM code, C=native code)
V  [libjvm.so+0xac3f0a]  VMError::report_and_die()+0x2ba
V  [libjvm.so+0x4fbf9b]  report_vm_out_of_memory(char const*, int, unsigned long, VMErrorType, char const*)+0x8b
V  [libjvm.so+0x9222d3]  os::Linux::commit_memory_impl(char*, unsigned long, bool)+0x103
V  [libjvm.so+0x922829]  os::pd_commit_memory(char*, unsigned long, unsigned long, bool)+0x29
V  [libjvm.so+0x91cb2a]  os::commit_memory(char*, unsigned long, unsigned long, bool)+0x2a
V  [libjvm.so+0x991053]  PSVirtualSpace::expand_by(unsigned long)+0x53
V  [libjvm.so+0x992458]  PSYoungGen::resize_generation(unsigned long, unsigned long)+0xf8
V  [libjvm.so+0x9915b2]  PSYoungGen::resize(unsigned long, unsigned long)+0x22
V  [libjvm.so+0x98e88b]  PSScavenge::invoke_no_policy()+0xf3b
V  [libjvm.so+0x98f011]  PSScavenge::invoke()+0x41
V  [libjvm.so+0x945fc0]  ParallelScavengeHeap::failed_mem_allocate(unsigned long)+0x70
V  [libjvm.so+0xac5927]  VM_ParallelGCFailedAllocation::doit()+0x97
V  [libjvm.so+0xacd405]  VM_Operation::evaluate()+0x55
V  [libjvm.so+0xacb7da]  VMThread::evaluate_operation(VM_Operation*)+0xba
V  [libjvm.so+0xacbb5e]  VMThread::loop()+0x1ce
V  [libjvm.so+0xacbfd0]  VMThread::run()+0x70
V  [libjvm.so+0x924698]  java_start(Thread*)+0x108

VM_Operation (0x00007f01041b8d80): ParallelGCFailedAllocation, mode: safepoint, requested by thread 0x00007f0114137000


---------------  P R O C E S S  ---------------

Java Threads: ( => current thread )
  0x00007f0114147800 JavaThread "pool-1-thread-4" [_thread_blocked, id=13552, stack(0x00007f00fdbfc000,0x00007f00fdcfd000)]
  0x00007f0114146000 JavaThread "pool-1-thread-3" [_thread_blocked, id=13551, stack(0x00007f00fdcfd000,0x00007f00fddfe000)]
  0x00007f011413a800 JavaThread "pool-1-thread-2" [_thread_blocked, id=13550, stack(0x00007f00fddfe000,0x00007f00fdeff000)]
  0x00007f0114139800 JavaThread "pool-2-thread-1" [_thread_blocked, id=13549, stack(0x00007f00fdeff000,0x00007f00fe000000)]
  0x00007f0114137000 JavaThread "pool-1-thread-1" [_thread_blocked, id=13548, stack(0x00007f01040ba000,0x00007f01041bb000)]
  0x00007f01140c1800 JavaThread "Service Thread" daemon [_thread_blocked, id=13526, stack(0x00007f01042bc000,0x00007f01043bd000)]
  0x00007f01140be800 JavaThread "C1 CompilerThread2" daemon [_thread_blocked, id=13525, stack(0x00007f01043bd000,0x00007f01044be000)]
  0x00007f01140bc800 JavaThread "C2 CompilerThread1" daemon [_thread_blocked, id=13524, stack(0x00007f01044be000,0x00007f01045bf000)]
  0x00007f01140b9800 JavaThread "C2 CompilerThread0" daemon [_thread_blocked, id=13523, stack(0x00007f01045bf000,0x00007f01046c0000)]
  0x00007f01140b8800 JavaThread "Signal Dispatcher" daemon [_thread_blocked, id=13522, stack(0x00007f01046c0000,0x00007f01047c1000)]
  0x00007f0114084000 JavaThread "Finalizer" daemon [_thread_blocked, id=13521, stack(0x00007f0104cfd000,0x00007f0104dfe000)]
  0x00007f011407f800 JavaThread "Reference Handler" daemon [_thread_blocked, id=13520, stack(0x00007f0104dfe000,0x00007f0104eff000)]
  0x00007f011400a000 JavaThread "main" [_thread_blocked, id=13510, stack(0x00007f011d62c000,0x00007f011d72d000)]

Other Threads:
=>0x00007f0114078000 VMThread [stack: 0x00007f0104eff000,0x00007f0105000000] [id=13519]
  0x00007f01140c4800 WatcherThread [stack: 0x00007f01041bb000,0x00007f01042bc000] [id=13527]

VM state:at safepoint (normal execution)

VM Mutex/Monitor currently owned by a thread:  ([mutex/lock_event])
[0x00007f0114006590] Threads_lock - owner thread: 0x00007f0114078000
[0x00007f0114006a90] Heap_lock - owner thread: 0x00007f0114137000

Heap:
 PSYoungGen      total 34304K, used 2536K [0x00000000eab00000, 0x00000000ecf00000, 0x0000000100000000)
  eden space 31744K, 0% used [0x00000000eab00000,0x00000000eab00000,0x00000000eca00000)
  from space 2560K, 99% used [0x00000000eca00000,0x00000000ecc7a270,0x00000000ecc80000)
  to   space 2560K, 0% used [0x00000000ecc80000,0x00000000ecc80000,0x00000000ecf00000)
 ParOldGen       total 42496K, used 14822K [0x00000000c0000000, 0x00000000c2980000, 0x00000000eab00000)
  object space 42496K, 34% used [0x00000000c0000000,0x00000000c0e79858,0x00000000c2980000)
 Metaspace       used 5893K, capacity 6900K, committed 7040K, reserved 1056768K
  class space    used 606K, capacity 620K, committed 640K, reserved 1048576K

Card table byte_map: [0x00007f011a1e3000,0x00007f011a3e4000] byte_map_base: 0x00007f0119be3000

Marking Bits: (ParMarkBitMap*) 0x00007f011cb04120
 Begin Bits: [0x00007f00fe000000, 0x00007f00ff000000)
 End Bits:   [0x00007f00ff000000, 0x00007f0100000000)

Polling page: 0x00007f011d750000

CodeCache: size=245760Kb used=3893Kb max_used=3893Kb free=241866Kb
 bounds [0x00007f0105000000, 0x00007f01053e0000, 0x00007f0114000000]
 total_blobs=1360 nmethods=1092 adapters=182
 compilation: enabled

Compilation events (10 events):
Event: 8.041 Thread 0x00007f01140be800 nmethod 1286 0x00007f01053ce550 code [0x00007f01053ce6e0, 0x00007f01053ce918]
Event: 8.041 Thread 0x00007f01140be800 1373   !   2       com.android.dx.cf.code.OneLocalsArray::set (106 bytes)
Event: 8.045 Thread 0x00007f01140be800 nmethod 1373 0x00007f01053ceb50 code [0x00007f01053ced60, 0x00007f01053cf358]
Event: 8.045 Thread 0x00007f01140be800 1368       2       com.android.dx.ssa.SsaMethod$2::visitPhiInsn (6 bytes)
Event: 8.046 Thread 0x00007f01140be800 nmethod 1368 0x00007f01053cf850 code [0x00007f01053cf9c0, 0x00007f01053cfb28]
Event: 8.046 Thread 0x00007f01140be800 1369       2       com.android.dx.ssa.SsaMethod$1::visitPhiInsn (17 bytes)
Event: 8.046 Thread 0x00007f01140be800 nmethod 1369 0x00007f01053cfbd0 code [0x00007f01053cfd40, 0x00007f01053cff50]
Event: 8.046 Thread 0x00007f01140be800 1381  s    2       com.android.dx.dex.file.MethodIdsSection::intern (55 bytes)
Event: 8.283 Thread 0x00007f01140be800 nmethod 1381 0x00007f01053d0110 code [0x00007f01053d02e0, 0x00007f01053d0948]
Event: 8.291 Thread 0x00007f01140be800 1423       3       com.android.dx.ssa.SsaBasicBlock::newFromRop (183 bytes)

GC Heap History (9 events):
Event: 3.459 GC heap before
{Heap before GC invocations=1 (full 0):
 PSYoungGen      total 18432K, used 15872K [0x00000000eab00000, 0x00000000ebf80000, 0x0000000100000000)
  eden space 15872K, 100% used [0x00000000eab00000,0x00000000eba80000,0x00000000eba80000)
  from space 2560K, 0% used [0x00000000ebd00000,0x00000000ebd00000,0x00000000ebf80000)
  to   space 2560K, 0% used [0x00000000eba80000,0x00000000eba80000,0x00000000ebd00000)
 ParOldGen       total 42496K, used 0K [0x00000000c0000000, 0x00000000c2980000, 0x00000000eab00000)
  object space 42496K, 0% used [0x00000000c0000000,0x00000000c0000000,0x00000000c2980000)
 Metaspace       used 5548K, capacity 6704K, committed 6784K, reserved 1056768K
  class space    used 579K, capacity 616K, committed 640K, reserved 1048576K
Event: 3.492 GC heap after
Heap after GC invocations=1 (full 0):
 PSYoungGen      total 18432K, used 2538K [0x00000000eab00000, 0x00000000ebf80000, 0x0000000100000000)
  eden space 15872K, 0% used [0x00000000eab00000,0x00000000eab00000,0x00000000eba80000)
  from space 2560K, 99% used [0x00000000eba80000,0x00000000ebcfaaa8,0x00000000ebd00000)
  to   space 2560K, 0% used [0x00000000ebd00000,0x00000000ebd00000,0x00000000ebf80000)
 ParOldGen       total 42496K, used 1723K [0x00000000c0000000, 0x00000000c2980000, 0x00000000eab00000)
  object space 42496K, 4% used [0x00000000c0000000,0x00000000c01aee08,0x00000000c2980000)
 Metaspace       used 5548K, capacity 6704K, committed 6784K, reserved 1056768K
  class space    used 579K, capacity 616K, committed 640K, reserved 1048576K
}
Event: 4.513 GC heap before
{Heap before GC invocations=2 (full 0):
 PSYoungGen      total 18432K, used 18410K [0x00000000eab00000, 0x00000000ebf80000, 0x0000000100000000)
  eden space 15872K, 100% used [0x00000000eab00000,0x00000000eba80000,0x00000000eba80000)
  from space 2560K, 99% used [0x00000000eba80000,0x00000000ebcfaaa8,0x00000000ebd00000)
  to   space 2560K, 0% used [0x00000000ebd00000,0x00000000ebd00000,0x00000000ebf80000)
 ParOldGen       total 42496K, used 1723K [0x00000000c0000000, 0x00000000c2980000, 0x00000000eab00000)
  object space 42496K, 4% used [0x00000000c0000000,0x00000000c01aee08,0x00000000c2980000)
 Metaspace       used 5715K, capacity 6832K, committed 7040K, reserved 1056768K
  class space    used 585K, capacity 616K, committed 640K, reserved 1048576K
Event: 4.560 GC heap after
Heap after GC invocations=2 (full 0):
 PSYoungGen      total 18432K, used 2535K [0x00000000eab00000, 0x00000000ecf00000, 0x0000000100000000)
  eden space 15872K, 0% used [0x00000000eab00000,0x00000000eab00000,0x00000000eba80000)
  from space 2560K, 99% used [0x00000000ebd00000,0x00000000ebf79c88,0x00000000ebf80000)
  to   space 2560K, 0% used [0x00000000eba80000,0x00000000eba80000,0x00000000ebd00000)
 ParOldGen       total 42496K, used 4642K [0x00000000c0000000, 0x00000000c2980000, 0x00000000eab00000)
  object space 42496K, 10% used [0x00000000c0000000,0x00000000c0488820,0x00000000c2980000)
 Metaspace       used 5715K, capacity 6832K, committed 7040K, reserved 1056768K
  class space    used 585K, capacity 616K, committed 640K, reserved 1048576K
}
Event: 5.883 GC heap before
{Heap before GC invocations=3 (full 0):
 PSYoungGen      total 18432K, used 18407K [0x00000000eab00000, 0x00000000ecf00000, 0x0000000100000000)
  eden space 15872K, 100% used [0x00000000eab00000,0x00000000eba80000,0x00000000eba80000)
  from space 2560K, 99% used [0x00000000ebd00000,0x00000000ebf79c88,0x00000000ebf80000)
  to   space 2560K, 0% used [0x00000000eba80000,0x00000000eba80000,0x00000000ebd00000)
 ParOldGen       total 42496K, used 4642K [0x00000000c0000000, 0x00000000c2980000, 0x00000000eab00000)
  object space 42496K, 10% used [0x00000000c0000000,0x00000000c0488820,0x00000000c2980000)
 Metaspace       used 5747K, capacity 6832K, committed 7040K, reserved 1056768K
  class space    used 585K, capacity 616K, committed 640K, reserved 1048576K
Event: 6.069 GC heap after
Heap after GC invocations=3 (full 0):
 PSYoungGen      total 18432K, used 2544K [0x00000000eab00000, 0x00000000ecf00000, 0x0000000100000000)
  eden space 15872K, 0% used [0x00000000eab00000,0x00000000eab00000,0x00000000eba80000)
  from space 2560K, 99% used [0x00000000eba80000,0x00000000ebcfc028,0x00000000ebd00000)
  to   space 2560K, 0% used [0x00000000ecc80000,0x00000000ecc80000,0x00000000ecf00000)
 ParOldGen       total 42496K, used 7296K [0x00000000c0000000, 0x00000000c2980000, 0x00000000eab00000)
  object space 42496K, 17% used [0x00000000c0000000,0x00000000c0720238,0x00000000c2980000)
 Metaspace       used 5747K, capacity 6832K, committed 7040K, reserved 1056768K
  class space    used 585K, capacity 616K, committed 640K, reserved 1048576K
}
Event: 6.897 GC heap before
{Heap before GC invocations=4 (full 0):
 PSYoungGen      total 18432K, used 18416K [0x00000000eab00000, 0x00000000ecf00000, 0x0000000100000000)
  eden space 15872K, 100% used [0x00000000eab00000,0x00000000eba80000,0x00000000eba80000)
  from space 2560K, 99% used [0x00000000eba80000,0x00000000ebcfc028,0x00000000ebd00000)
  to   space 2560K, 0% used [0x00000000ecc80000,0x00000000ecc80000,0x00000000ecf00000)
 ParOldGen       total 42496K, used 7296K [0x00000000c0000000, 0x00000000c2980000, 0x00000000eab00000)
  object space 42496K, 17% used [0x00000000c0000000,0x00000000c0720238,0x00000000c2980000)
 Metaspace       used 5762K, capacity 6832K, committed 7040K, reserved 1056768K
  class space    used 585K, capacity 616K, committed 640K, reserved 1048576K
Event: 6.960 GC heap after
Heap after GC invocations=4 (full 0):
 PSYoungGen      total 34304K, used 2550K [0x00000000eab00000, 0x00000000ecf00000, 0x0000000100000000)
  eden space 31744K, 0% used [0x00000000eab00000,0x00000000eab00000,0x00000000eca00000)
  from space 2560K, 99% used [0x00000000ecc80000,0x00000000ecefdbc8,0x00000000ecf00000)
  to   space 2560K, 0% used [0x00000000eca00000,0x00000000eca00000,0x00000000ecc80000)
 ParOldGen       total 42496K, used 10175K [0x00000000c0000000, 0x00000000c2980000, 0x00000000eab00000)
  object space 42496K, 23% used [0x00000000c0000000,0x00000000c09efd38,0x00000000c2980000)
 Metaspace       used 5762K, capacity 6832K, committed 7040K, reserved 1056768K
  class space    used 585K, capacity 616K, committed 640K, reserved 1048576K
}
Event: 8.317 GC heap before
{Heap before GC invocations=5 (full 0):
 PSYoungGen      total 34304K, used 34294K [0x00000000eab00000, 0x00000000ecf00000, 0x0000000100000000)
  eden space 31744K, 100% used [0x00000000eab00000,0x00000000eca00000,0x00000000eca00000)
  from space 2560K, 99% used [0x00000000ecc80000,0x00000000ecefdbc8,0x00000000ecf00000)
  to   space 2560K, 0% used [0x00000000eca00000,0x00000000eca00000,0x00000000ecc80000)
 ParOldGen       total 42496K, used 10175K [0x00000000c0000000, 0x00000000c2980000, 0x00000000eab00000)
  object space 42496K, 23% used [0x00000000c0000000,0x00000000c09efd38,0x00000000c2980000)
 Metaspace       used 5893K, capacity 6900K, committed 7040K, reserved 1056768K
  class space    used 606K, capacity 620K, committed 640K, reserved 1048576K

Deoptimization events (10 events):
Event: 3.557 Thread 0x00007f0114137000 Uncommon trap: reason=class_check action=maybe_recompile pc=0x00007f010521ece8 method=com.android.dx.rop.type.Type.equals(Ljava/lang/Object;)Z @ 8
Event: 3.623 Thread 0x00007f0114137000 Uncommon trap: reason=class_check action=maybe_recompile pc=0x00007f010521ece8 method=com.android.dx.rop.type.Type.equals(Ljava/lang/Object;)Z @ 8
Event: 3.864 Thread 0x00007f011400a000 Uncommon trap: reason=class_check action=maybe_recompile pc=0x00007f010521ece8 method=com.android.dx.rop.type.Type.equals(Ljava/lang/Object;)Z @ 8
Event: 3.874 Thread 0x00007f011413a800 Uncommon trap: reason=class_check action=maybe_recompile pc=0x00007f010521ece8 method=com.android.dx.rop.type.Type.equals(Ljava/lang/Object;)Z @ 8
Event: 6.087 Thread 0x00007f011400a000 Uncommon trap: reason=null_check action=make_not_entrant pc=0x00007f01052a1d28 method=com.android.dx.rop.type.Type.equals(Ljava/lang/Object;)Z @ 8
Event: 6.703 Thread 0x00007f0114147800 Uncommon trap: reason=unstable_if action=reinterpret pc=0x00007f010522bf24 method=com.android.dx.rop.code.RegisterSpec.equals(ILcom/android/dx/rop/type/TypeBearer;Lcom/android/dx/rop/code/LocalItem;)Z @ 42
Event: 6.831 Thread 0x00007f0114147800 Uncommon trap: reason=unstable_if action=reinterpret pc=0x00007f01052212dc method=com.android.dx.rop.cst.Constant.compareTo(Lcom/android/dx/rop/cst/Constant;)I @ 12
Event: 7.056 Thread 0x00007f0114146000 Uncommon trap: reason=unstable_if action=reinterpret pc=0x00007f01052d013c method=com.android.dx.ssa.SsaMethod.updateOneDefinition(Lcom/android/dx/ssa/SsaInsn;Lcom/android/dx/rop/code/RegisterSpec;)V @ 4
Event: 7.194 Thread 0x00007f011400a000 Uncommon trap: reason=unstable_if action=reinterpret pc=0x00007f01052cded0 method=java.util.HashMap.putVal(ILjava/lang/Object;Ljava/lang/Object;ZZ)Ljava/lang/Object; @ 162
Event: 7.249 Thread 0x00007f011400a000 Uncommon trap: reason=unstable_if action=reinterpret pc=0x00007f0105223978 method=java.util.HashMap.getNode(ILjava/lang/Object;)Ljava/util/HashMap$Node; @ 84

Internal exceptions (6 events):
Event: 0.156 Thread 0x00007f011400a000 Exception <a 'java/lang/NoSuchMethodError': Method sun.misc.Unsafe.defineClass(Ljava/lang/String;[BII)Ljava/lang/Class; name or signature does not match> (0x00000000eab07cc0) thrown at [/HUDSON3/workspace/8-2-build-linux-amd64/jdk8u101/7261/hotspot/src/sh
Event: 0.156 Thread 0x00007f011400a000 Exception <a 'java/lang/NoSuchMethodError': Method sun.misc.Unsafe.prefetchRead(Ljava/lang/Object;J)V name or signature does not match> (0x00000000eab07fa8) thrown at [/HUDSON3/workspace/8-2-build-linux-amd64/jdk8u101/7261/hotspot/src/share/vm/prims/jni.c
Event: 6.087 Thread 0x00007f011400a000 Implicit null exception at 0x00007f01052a1c22 to 0x00007f01052a1d1b
Event: 7.222 Thread 0x00007f011400a000 Exception <a 'java/lang/ArrayIndexOutOfBoundsException': 18> (0x00000000eb169ab8) thrown at [/HUDSON3/workspace/8-2-build-linux-amd64/jdk8u101/7261/hotspot/src/share/vm/interpreter/interpreterRuntime.cpp, line 366]
Event: 7.232 Thread 0x00007f011400a000 Exception <a 'java/lang/ArrayIndexOutOfBoundsException': 145> (0x00000000eb16b638) thrown at [/HUDSON3/workspace/8-2-build-linux-amd64/jdk8u101/7261/hotspot/src/share/vm/interpreter/interpreterRuntime.cpp, line 366]
Event: 7.242 Thread 0x00007f011400a000 Exception <a 'java/lang/ArrayIndexOutOfBoundsException': 40> (0x00000000eb16c920) thrown at [/HUDSON3/workspace/8-2-build-linux-amd64/jdk8u101/7261/hotspot/src/share/vm/interpreter/interpreterRuntime.cpp, line 366]

Events (10 events):
Event: 7.681 Thread 0x00007f0114137000 DEOPT UNPACKING pc=0x00007f0105047633 sp=0x00007f01041b8c58 mode 0
Event: 7.694 Thread 0x00007f0114137000 DEOPT PACKING pc=0x00007f010529cf6d sp=0x00007f01041b8ed0
Event: 7.694 Thread 0x00007f0114137000 DEOPT UNPACKING pc=0x00007f0105047633 sp=0x00007f01041b8c58 mode 0
Event: 7.768 Thread 0x00007f011400a000 DEOPT PACKING pc=0x00007f01052f25d0 sp=0x00007f011d72a860
Event: 7.768 Thread 0x00007f011400a000 DEOPT UNPACKING pc=0x00007f0105047633 sp=0x00007f011d72a650 mode 0
Event: 8.262 Thread 0x00007f0114146000 DEOPT PACKING pc=0x00007f01052f25d0 sp=0x00007f00fddfbd00
Event: 8.262 Thread 0x00007f0114146000 DEOPT UNPACKING pc=0x00007f0105047633 sp=0x00007f00fddfbae8 mode 0
Event: 8.267 Thread 0x00007f0114137000 DEOPT PACKING pc=0x00007f0105382b2c sp=0x00007f01041b9220
Event: 8.267 Thread 0x00007f0114137000 DEOPT UNPACKING pc=0x00007f0105047633 sp=0x00007f01041b8f30 mode 0
Event: 8.284 Executing VM operation: ParallelGCFailedAllocation


Dynamic libraries:
00400000-00401000 r-xp 00000000 08:02 1375786                            /usr/local/java/jdk1.8.0_101/bin/java
00600000-00601000 rw-p 00000000 08:02 1375786                            /usr/local/java/jdk1.8.0_101/bin/java
01fac000-01fcd000 rw-p 00000000 00:00 0                                  [heap]
c0000000-c2980000 rw-p 00000000 00:00 0 
c2980000-eab00000 ---p 00000000 00:00 0 
eab00000-ecf00000 rw-p 00000000 00:00 0 
ef800000-100000000 ---p 00000000 00:00 0 
100000000-1000a0000 rw-p 00000000 00:00 0 
1000a0000-140000000 ---p 00000000 00:00 0 
7f00b0000000-7f00b002c000 rw-p 00000000 00:00 0 
7f00b002c000-7f00b4000000 ---p 00000000 00:00 0 
7f00b8000000-7f00b8021000 rw-p 00000000 00:00 0 
7f00b8021000-7f00bc000000 ---p 00000000 00:00 0 
7f00bc000000-7f00bc021000 rw-p 00000000 00:00 0 
7f00bc021000-7f00c0000000 ---p 00000000 00:00 0 
7f00c0000000-7f00c003d000 rw-p 00000000 00:00 0 
7f00c003d000-7f00c4000000 ---p 00000000 00:00 0 
7f00c4000000-7f00c4021000 rw-p 00000000 00:00 0 
7f00c4021000-7f00c8000000 ---p 00000000 00:00 0 
7f00c8000000-7f00c8021000 rw-p 00000000 00:00 0 
7f00c8021000-7f00cc000000 ---p 00000000 00:00 0 
7f00cc000000-7f00cc021000 rw-p 00000000 00:00 0 
7f00cc021000-7f00d0000000 ---p 00000000 00:00 0 
7f00d0000000-7f00d02ad000 rw-p 00000000 00:00 0 
7f00d02ad000-7f00d4000000 ---p 00000000 00:00 0 
7f00d4000000-7f00d4570000 rw-p 00000000 00:00 0 
7f00d4570000-7f00d8000000 ---p 00000000 00:00 0 
7f00d8000000-7f00d8021000 rw-p 00000000 00:00 0 
7f00d8021000-7f00dc000000 ---p 00000000 00:00 0 
7f00dc000000-7f00dc2cb000 rw-p 00000000 00:00 0 
7f00dc2cb000-7f00e0000000 ---p 00000000 00:00 0 
7f00e0000000-7f00e0021000 rw-p 00000000 00:00 0 
7f00e0021000-7f00e4000000 ---p 00000000 00:00 0 
7f00e4000000-7f00e4021000 rw-p 00000000 00:00 0 
7f00e4021000-7f00e8000000 ---p 00000000 00:00 0 
7f00e8000000-7f00e8021000 rw-p 00000000 00:00 0 
7f00e8021000-7f00ec000000 ---p 00000000 00:00 0 
7f00f0000000-7f00f0021000 rw-p 00000000 00:00 0 
7f00f0021000-7f00f4000000 ---p 00000000 00:00 0 
7f00f4000000-7f00f428d000 rw-p 00000000 00:00 0 
7f00f428d000-7f00f8000000 ---p 00000000 00:00 0 
7f00f8000000-7f00f8021000 rw-p 00000000 00:00 0 
7f00f8021000-7f00fc000000 ---p 00000000 00:00 0 
7f00fdbfc000-7f00fdbff000 ---p 00000000 00:00 0 
7f00fdbff000-7f00fdcfd000 rw-p 00000000 00:00 0                          [stack:13552]
7f00fdcfd000-7f00fdd00000 ---p 00000000 00:00 0 
7f00fdd00000-7f00fddfe000 rw-p 00000000 00:00 0                          [stack:13551]
7f00fddfe000-7f00fde01000 ---p 00000000 00:00 0 
7f00fde01000-7f00fdeff000 rw-p 00000000 00:00 0                          [stack:13550]
7f00fdeff000-7f00fdf02000 ---p 00000000 00:00 0 
7f00fdf02000-7f0100000000 rw-p 00000000 00:00 0                          [stack:13549]
7f0100000000-7f0100021000 rw-p 00000000 00:00 0 
7f0100021000-7f0104000000 ---p 00000000 00:00 0 
7f01040ba000-7f01040bd000 ---p 00000000 00:00 0 
7f01040bd000-7f01041bb000 rw-p 00000000 00:00 0                          [stack:13548]
7f01041bb000-7f01041bc000 ---p 00000000 00:00 0 
7f01041bc000-7f01042bc000 rw-p 00000000 00:00 0                          [stack:13527]
7f01042bc000-7f01042bf000 ---p 00000000 00:00 0 
7f01042bf000-7f01043bd000 rw-p 00000000 00:00 0                          [stack:13526]
7f01043bd000-7f01043c0000 ---p 00000000 00:00 0 
7f01043c0000-7f01044be000 rw-p 00000000 00:00 0                          [stack:13525]
7f01044be000-7f01044c1000 ---p 00000000 00:00 0 
7f01044c1000-7f01045bf000 rw-p 00000000 00:00 0                          [stack:13524]
7f01045bf000-7f01045c2000 ---p 00000000 00:00 0 
7f01045c2000-7f01046c0000 rw-p 00000000 00:00 0                          [stack:13523]
7f01046c0000-7f01046c3000 ---p 00000000 00:00 0 
7f01046c3000-7f01047c1000 rw-p 00000000 00:00 0                          [stack:13522]
7f01047c1000-7f0104cfd000 r--p 00000000 08:02 523416                     /usr/lib/locale/locale-archive
7f0104cfd000-7f0104d00000 ---p 00000000 00:00 0 
7f0104d00000-7f0104dfe000 rw-p 00000000 00:00 0                          [stack:13521]
7f0104dfe000-7f0104e01000 ---p 00000000 00:00 0 
7f0104e01000-7f0104eff000 rw-p 00000000 00:00 0                          [stack:13520]
7f0104eff000-7f0104f00000 ---p 00000000 00:00 0 
7f0104f00000-7f0105000000 rw-p 00000000 00:00 0                          [stack:13519]
7f0105000000-7f01053e0000 rwxp 00000000 00:00 0 
7f01053e0000-7f0114000000 ---p 00000000 00:00 0 
7f0114000000-7f011438e000 rw-p 00000000 00:00 0 
7f011438e000-7f0118000000 ---p 00000000 00:00 0 
7f011803e000-7f0118045000 r--s 00000000 08:02 527404                     /usr/lib/x86_64-linux-gnu/gconv/gconv-modules.cache
7f0118045000-7f0118060000 r--p 00000000 08:02 788057                     /usr/share/locale-langpack/fi/LC_MESSAGES/libc.mo
7f0118060000-7f0118077000 r--s 00101000 08:06 5137598                    /home/fuksi/Raine/OPINNOT/HY/Ohjelmistotuotantoprojekti 581260/eksy/EKSY/android/app/build/intermediates/exploded-aar/com.android.support/support-v4/24.0.0/jars/classes.jar
7f0118077000-7f0118086000 r--s 000df000 08:06 3060365                    /home/fuksi/Android/Sdk/build-tools/23.0.1/lib/dx.jar
7f0118086000-7f011903a000 rw-p 00000000 00:00 0 
7f011903a000-7f0119213000 r--s 03d29000 08:02 1519059                    /usr/local/java/jdk1.8.0_101/jre/lib/rt.jar
7f0119213000-7f01198c9000 rw-p 00000000 00:00 0 
7f01198c9000-7f0119a89000 ---p 00000000 00:00 0 
7f0119a89000-7f0119c89000 rw-p 00000000 00:00 0 
7f0119c89000-7f0119c8a000 ---p 00000000 00:00 0 
7f0119c8a000-7f0119d8a000 rw-p 00000000 00:00 0                          [stack:13518]
7f0119d8a000-7f0119d8b000 ---p 00000000 00:00 0 
7f0119d8b000-7f0119e8b000 rw-p 00000000 00:00 0                          [stack:13517]
7f0119e8b000-7f0119e8c000 ---p 00000000 00:00 0 
7f0119e8c000-7f0119f8c000 rw-p 00000000 00:00 0                          [stack:13516]
7f0119f8c000-7f0119f8d000 ---p 00000000 00:00 0 
7f0119f8d000-7f011a0a2000 rw-p 00000000 00:00 0                          [stack:13515]
7f011a0a2000-7f011a1e3000 ---p 00000000 00:00 0 
7f011a1e3000-7f011a1f8000 rw-p 00000000 00:00 0 
7f011a1f8000-7f011a338000 ---p 00000000 00:00 0 
7f011a338000-7f011a34b000 rw-p 00000000 00:00 0 
7f011a34b000-7f011a3e3000 ---p 00000000 00:00 0 
7f011a3e3000-7f011a3f4000 rw-p 00000000 00:00 0 
7f011a3f4000-7f011a7a4000 ---p 00000000 00:00 0 
7f011a7a4000-7f011a7be000 r-xp 00000000 08:02 1519087                    /usr/local/java/jdk1.8.0_101/jre/lib/amd64/libzip.so
7f011a7be000-7f011a9be000 ---p 0001a000 08:02 1519087                    /usr/local/java/jdk1.8.0_101/jre/lib/amd64/libzip.so
7f011a9be000-7f011a9bf000 rw-p 0001a000 08:02 1519087                    /usr/local/java/jdk1.8.0_101/jre/lib/amd64/libzip.so
7f011a9bf000-7f011a9c9000 r-xp 00000000 08:02 806098                     /lib/x86_64-linux-gnu/libnss_files-2.19.so
7f011a9c9000-7f011abc8000 ---p 0000a000 08:02 806098                     /lib/x86_64-linux-gnu/libnss_files-2.19.so
7f011abc8000-7f011abc9000 r--p 00009000 08:02 806098                     /lib/x86_64-linux-gnu/libnss_files-2.19.so
7f011abc9000-7f011abca000 rw-p 0000a000 08:02 806098                     /lib/x86_64-linux-gnu/libnss_files-2.19.so
7f011abca000-7f011abd5000 r-xp 00000000 08:02 787293                     /lib/x86_64-linux-gnu/libnss_nis-2.19.so
7f011abd5000-7f011add4000 ---p 0000b000 08:02 787293                     /lib/x86_64-linux-gnu/libnss_nis-2.19.so
7f011add4000-7f011add5000 r--p 0000a000 08:02 787293                     /lib/x86_64-linux-gnu/libnss_nis-2.19.so
7f011add5000-7f011add6000 rw-p 0000b000 08:02 787293                     /lib/x86_64-linux-gnu/libnss_nis-2.19.so
7f011add6000-7f011aded000 r-xp 00000000 08:02 806092                     /lib/x86_64-linux-gnu/libnsl-2.19.so
7f011aded000-7f011afec000 ---p 00017000 08:02 806092                     /lib/x86_64-linux-gnu/libnsl-2.19.so
7f011afec000-7f011afed000 r--p 00016000 08:02 806092                     /lib/x86_64-linux-gnu/libnsl-2.19.so
7f011afed000-7f011afee000 rw-p 00017000 08:02 806092                     /lib/x86_64-linux-gnu/libnsl-2.19.so
7f011afee000-7f011aff0000 rw-p 00000000 00:00 0 
7f011aff0000-7f011aff9000 r-xp 00000000 08:02 806090                     /lib/x86_64-linux-gnu/libnss_compat-2.19.so
7f011aff9000-7f011b1f8000 ---p 00009000 08:02 806090                     /lib/x86_64-linux-gnu/libnss_compat-2.19.so
7f011b1f8000-7f011b1f9000 r--p 00008000 08:02 806090                     /lib/x86_64-linux-gnu/libnss_compat-2.19.so
7f011b1f9000-7f011b1fa000 rw-p 00009000 08:02 806090                     /lib/x86_64-linux-gnu/libnss_compat-2.19.so
7f011b1fa000-7f011b224000 r-xp 00000000 08:02 1519112                    /usr/local/java/jdk1.8.0_101/jre/lib/amd64/libjava.so
7f011b224000-7f011b424000 ---p 0002a000 08:02 1519112                    /usr/local/java/jdk1.8.0_101/jre/lib/amd64/libjava.so
7f011b424000-7f011b426000 rw-p 0002a000 08:02 1519112                    /usr/local/java/jdk1.8.0_101/jre/lib/amd64/libjava.so
7f011b426000-7f011b433000 r-xp 00000000 08:02 1519067                    /usr/local/java/jdk1.8.0_101/jre/lib/amd64/libverify.so
7f011b433000-7f011b633000 ---p 0000d000 08:02 1519067                    /usr/local/java/jdk1.8.0_101/jre/lib/amd64/libverify.so
7f011b633000-7f011b635000 rw-p 0000d000 08:02 1519067                    /usr/local/java/jdk1.8.0_101/jre/lib/amd64/libverify.so
7f011b635000-7f011b63c000 r-xp 00000000 08:02 785099                     /lib/x86_64-linux-gnu/librt-2.19.so
7f011b63c000-7f011b83b000 ---p 00007000 08:02 785099                     /lib/x86_64-linux-gnu/librt-2.19.so
7f011b83b000-7f011b83c000 r--p 00006000 08:02 785099                     /lib/x86_64-linux-gnu/librt-2.19.so
7f011b83c000-7f011b83d000 rw-p 00007000 08:02 785099                     /lib/x86_64-linux-gnu/librt-2.19.so
7f011b83d000-7f011b942000 r-xp 00000000 08:02 806093                     /lib/x86_64-linux-gnu/libm-2.19.so
7f011b942000-7f011bb41000 ---p 00105000 08:02 806093                     /lib/x86_64-linux-gnu/libm-2.19.so
7f011bb41000-7f011bb42000 r--p 00104000 08:02 806093                     /lib/x86_64-linux-gnu/libm-2.19.so
7f011bb42000-7f011bb43000 rw-p 00105000 08:02 806093                     /lib/x86_64-linux-gnu/libm-2.19.so
7f011bb43000-7f011c80e000 r-xp 00000000 08:02 1519115                    /usr/local/java/jdk1.8.0_101/jre/lib/amd64/server/libjvm.so
7f011c80e000-7f011ca0d000 ---p 00ccb000 08:02 1519115                    /usr/local/java/jdk1.8.0_101/jre/lib/amd64/server/libjvm.so
7f011ca0d000-7f011cae6000 rw-p 00cca000 08:02 1519115                    /usr/local/java/jdk1.8.0_101/jre/lib/amd64/server/libjvm.so
7f011cae6000-7f011cb31000 rw-p 00000000 00:00 0 
7f011cb31000-7f011ccef000 r-xp 00000000 08:02 806089                     /lib/x86_64-linux-gnu/libc-2.19.so
7f011ccef000-7f011ceee000 ---p 001be000 08:02 806089                     /lib/x86_64-linux-gnu/libc-2.19.so
7f011ceee000-7f011cef2000 r--p 001bd000 08:02 806089                     /lib/x86_64-linux-gnu/libc-2.19.so
7f011cef2000-7f011cef4000 rw-p 001c1000 08:02 806089                     /lib/x86_64-linux-gnu/libc-2.19.so
7f011cef4000-7f011cef9000 rw-p 00000000 00:00 0 
7f011cef9000-7f011cefc000 r-xp 00000000 08:02 806099                     /lib/x86_64-linux-gnu/libdl-2.19.so
7f011cefc000-7f011d0fb000 ---p 00003000 08:02 806099                     /lib/x86_64-linux-gnu/libdl-2.19.so
7f011d0fb000-7f011d0fc000 r--p 00002000 08:02 806099                     /lib/x86_64-linux-gnu/libdl-2.19.so
7f011d0fc000-7f011d0fd000 rw-p 00003000 08:02 806099                     /lib/x86_64-linux-gnu/libdl-2.19.so
7f011d0fd000-7f011d112000 r-xp 00000000 08:02 160570                     /usr/local/java/jdk1.8.0_101/lib/amd64/jli/libjli.so
7f011d112000-7f011d312000 ---p 00015000 08:02 160570                     /usr/local/java/jdk1.8.0_101/lib/amd64/jli/libjli.so
7f011d312000-7f011d313000 rw-p 00015000 08:02 160570                     /usr/local/java/jdk1.8.0_101/lib/amd64/jli/libjli.so
7f011d313000-7f011d32c000 r-xp 00000000 08:02 806100                     /lib/x86_64-linux-gnu/libpthread-2.19.so
7f011d32c000-7f011d52b000 ---p 00019000 08:02 806100                     /lib/x86_64-linux-gnu/libpthread-2.19.so
7f011d52b000-7f011d52c000 r--p 00018000 08:02 806100                     /lib/x86_64-linux-gnu/libpthread-2.19.so
7f011d52c000-7f011d52d000 rw-p 00019000 08:02 806100                     /lib/x86_64-linux-gnu/libpthread-2.19.so
7f011d52d000-7f011d531000 rw-p 00000000 00:00 0 
7f011d531000-7f011d554000 r-xp 00000000 08:02 806097                     /lib/x86_64-linux-gnu/ld-2.19.so
7f011d55a000-7f011d62c000 rw-p 00000000 00:00 0 
7f011d62c000-7f011d62f000 ---p 00000000 00:00 0 
7f011d62f000-7f011d731000 rw-p 00000000 00:00 0                          [stack:13510]
7f011d732000-7f011d747000 rw-p 00000000 00:00 0 
7f011d747000-7f011d74f000 rw-s 00000000 08:02 1200890                    /tmp/hsperfdata_fuksi/13509
7f011d74f000-7f011d750000 rw-p 00000000 00:00 0 
7f011d750000-7f011d751000 ---p 00000000 00:00 0 
7f011d751000-7f011d753000 rw-p 00000000 00:00 0 
7f011d753000-7f011d754000 r--p 00022000 08:02 806097                     /lib/x86_64-linux-gnu/ld-2.19.so
7f011d754000-7f011d755000 rw-p 00023000 08:02 806097                     /lib/x86_64-linux-gnu/ld-2.19.so
7f011d755000-7f011d756000 rw-p 00000000 00:00 0 
7ffe9a9fb000-7ffe9aa1d000 rw-p 00000000 00:00 0                          [stack]
7ffe9abea000-7ffe9abec000 r-xp 00000000 00:00 0                          [vdso]
ffffffffff600000-ffffffffff601000 r-xp 00000000 00:00 0                  [vsyscall]

VM Arguments:
jvm_args: -Djava.awt.headless=true -Xmx1024M -Dfile.encoding=UTF-8 -Duser.country=FI -Duser.language=fi -Duser.variant 
java_command: com.android.dx.command.Main --dex --num-threads=4 --output /home/fuksi/Raine/OPINNOT/HY/Ohjelmistotuotantoprojekti 581260/eksy/EKSY/android/app/build/intermediates/pre-dexed/debug/com.android.support-support-v4-24.0.0_730caf7a6c887626377e8f3a8d55804d213e1ee8.jar /home/fuksi/Raine/OPINNOT/HY/Ohjelmistotuotantoprojekti 581260/eksy/EKSY/android/app/build/intermediates/exploded-aar/com.android.support/support-v4/24.0.0/jars/classes.jar
java_class_path (initial): /home/fuksi/Android/Sdk/build-tools/23.0.1/lib/dx.jar
Launcher Type: SUN_STANDARD

Environment Variables:
JAVA_HOME=/usr/local/java/jdk1.8.0_101
JRE_HOME=/usr/local/java/jre1.8.0_101
PATH=/opt/flutter/bin:/home/fuksi/anaconda3/bin:/home/fuksi/.sdkman/candidates/gradle/current/bin:/home/fuksi/bin:/usr/local/sbin:/usr/local/bin:/usr/sbin:/usr/bin:/sbin:/bin:/usr/games:/usr/local/games:/usr/local/java/jre1.8.0_101/bin:/usr/local/java/jdk1.8.0_101/bin:/home/fuksi/Android/Sdk/tools:/home/fuksi/Android/Sdk/platform-tool:/home/fuksi/bin:/home/fuksi/todo.txt_cli-2.10/todo.sh
SHELL=/bin/bash
DISPLAY=:0.0

Signal Handlers:
SIGSEGV: [libjvm.so+0xac4790], sa_mask[0]=11111111011111111101111111111110, sa_flags=SA_RESTART|SA_SIGINFO
SIGBUS: [libjvm.so+0xac4790], sa_mask[0]=11111111011111111101111111111110, sa_flags=SA_RESTART|SA_SIGINFO
SIGFPE: [libjvm.so+0x91f140], sa_mask[0]=11111111011111111101111111111110, sa_flags=SA_RESTART|SA_SIGINFO
SIGPIPE: [libjvm.so+0x91f140], sa_mask[0]=11111111011111111101111111111110, sa_flags=SA_RESTART|SA_SIGINFO
SIGXFSZ: [libjvm.so+0x91f140], sa_mask[0]=11111111011111111101111111111110, sa_flags=SA_RESTART|SA_SIGINFO
SIGILL: [libjvm.so+0x91f140], sa_mask[0]=11111111011111111101111111111110, sa_flags=SA_RESTART|SA_SIGINFO
SIGUSR1: SIG_DFL, sa_mask[0]=00000000000000000000000000000000, sa_flags=none
SIGUSR2: [libjvm.so+0x920770], sa_mask[0]=00100000000000000000000000000000, sa_flags=SA_RESTART|SA_SIGINFO
SIGHUP: [libjvm.so+0x921b70], sa_mask[0]=11111111011111111101111111111110, sa_flags=SA_RESTART|SA_SIGINFO
SIGINT: [libjvm.so+0x921b70], sa_mask[0]=11111111011111111101111111111110, sa_flags=SA_RESTART|SA_SIGINFO
SIGTERM: [libjvm.so+0x921b70], sa_mask[0]=11111111011111111101111111111110, sa_flags=SA_RESTART|SA_SIGINFO
SIGQUIT: [libjvm.so+0x921b70], sa_mask[0]=11111111011111111101111111111110, sa_flags=SA_RESTART|SA_SIGINFO


---------------  S Y S T E M  ---------------

OS:DISTRIB_ID=Ubuntu
DISTRIB_RELEASE=14.04
DISTRIB_CODENAME=trusty
DISTRIB_DESCRIPTION="Ubuntu 14.04.5 LTS"

uname:Linux 3.13.0-119-generic #166-Ubuntu SMP Wed May 3 12:18:55 UTC 2017 x86_64
libc:glibc 2.19 NPTL 2.19 
rlimit: STACK 8192k, CORE 0k, NPROC 30626, NOFILE 4096, AS infinity
load average:20.73 9.33 7.45

/proc/meminfo:
MemTotal:        3942624 kB
MemFree:          128644 kB
Buffers:             336 kB
Cached:           738068 kB
SwapCached:        10248 kB
Active:          2555088 kB
Inactive:         972540 kB
Active(anon):    2551904 kB
Inactive(anon):   949084 kB
Active(file):       3184 kB
Inactive(file):    23456 kB
Unevictable:        2272 kB
Mlocked:            2272 kB
SwapTotal:       4999164 kB
SwapFree:          44088 kB
Dirty:               292 kB
Writeback:           664 kB
AnonPages:       2783084 kB
Mapped:            12696 kB
Shmem:            711108 kB
Slab:             123484 kB
SReclaimable:      69324 kB
SUnreclaim:        54160 kB
KernelStack:        8544 kB
PageTables:        74652 kB
NFS_Unstable:          0 kB
Bounce:                0 kB
WritebackTmp:          0 kB
CommitLimit:     6970476 kB
Committed_AS:   15705112 kB
VmallocTotal:   34359738367 kB
VmallocUsed:      550120 kB
VmallocChunk:   34359093264 kB
HardwareCorrupted:     0 kB
AnonHugePages:     81920 kB
HugePages_Total:       0
HugePages_Free:        0
HugePages_Rsvd:        0
HugePages_Surp:        0
Hugepagesize:       2048 kB
DirectMap4k:       77312 kB
DirectMap2M:     4012032 kB
DirectMap1G:           0 kB


CPU:total 4 (2 cores per cpu, 2 threads per core) family 6 model 69 stepping 1, cmov, cx8, fxsr, mmx, sse, sse2, sse3, ssse3, sse4.1, sse4.2, popcnt, avx, avx2, aes, clmul, erms, lzcnt, ht, tsc, tscinvbit, bmi1, bmi2

/proc/cpuinfo:
processor	: 0
vendor_id	: GenuineIntel
cpu family	: 6
model		: 69
model name	: Intel(R) Core(TM) i5-4210U CPU @ 1.70GHz
stepping	: 1
microcode	: 0x1c
cpu MHz		: 2401.000
cache size	: 3072 KB
physical id	: 0
siblings	: 4
core id		: 0
cpu cores	: 2
apicid		: 0
initial apicid	: 0
fpu		: yes
fpu_exception	: yes
cpuid level	: 13
wp		: yes
flags		: fpu vme de pse tsc msr pae mce cx8 apic sep mtrr pge mca cmov pat pse36 clflush dts acpi mmx fxsr sse sse2 ss ht tm pbe syscall nx pdpe1gb rdtscp lm constant_tsc arch_perfmon pebs bts rep_good nopl xtopology nonstop_tsc aperfmperf eagerfpu pni pclmulqdq dtes64 monitor ds_cpl vmx est tm2 ssse3 fma cx16 xtpr pdcm pcid sse4_1 sse4_2 movbe popcnt tsc_deadline_timer aes xsave avx f16c rdrand lahf_lm abm ida arat epb xsaveopt pln pts dtherm tpr_shadow vnmi flexpriority ept vpid fsgsbase tsc_adjust bmi1 avx2 smep bmi2 erms invpcid
bogomips	: 4788.74
clflush size	: 64
cache_alignment	: 64
address sizes	: 39 bits physical, 48 bits virtual
power management:

processor	: 1
vendor_id	: GenuineIntel
cpu family	: 6
model		: 69
model name	: Intel(R) Core(TM) i5-4210U CPU @ 1.70GHz
stepping	: 1
microcode	: 0x1c
cpu MHz		: 2401.000
cache size	: 3072 KB
physical id	: 0
siblings	: 4
core id		: 0
cpu cores	: 2
apicid		: 1
initial apicid	: 1
fpu		: yes
fpu_exception	: yes
cpuid level	: 13
wp		: yes
flags		: fpu vme de pse tsc msr pae mce cx8 apic sep mtrr pge mca cmov pat pse36 clflush dts acpi mmx fxsr sse sse2 ss ht tm pbe syscall nx pdpe1gb rdtscp lm constant_tsc arch_perfmon pebs bts rep_good nopl xtopology nonstop_tsc aperfmperf eagerfpu pni pclmulqdq dtes64 monitor ds_cpl vmx est tm2 ssse3 fma cx16 xtpr pdcm pcid sse4_1 sse4_2 movbe popcnt tsc_deadline_timer aes xsave avx f16c rdrand lahf_lm abm ida arat epb xsaveopt pln pts dtherm tpr_shadow vnmi flexpriority ept vpid fsgsbase tsc_adjust bmi1 avx2 smep bmi2 erms invpcid
bogomips	: 4788.74
clflush size	: 64
cache_alignment	: 64
address sizes	: 39 bits physical, 48 bits virtual
power management:

processor	: 2
vendor_id	: GenuineIntel
cpu family	: 6
model		: 69
model name	: Intel(R) Core(TM) i5-4210U CPU @ 1.70GHz
stepping	: 1
microcode	: 0x1c
cpu MHz		: 2401.000
cache size	: 3072 KB
physical id	: 0
siblings	: 4
core id		: 1
cpu cores	: 2
apicid		: 2
initial apicid	: 2
fpu		: yes
fpu_exception	: yes
cpuid level	: 13
wp		: yes
flags		: fpu vme de pse tsc msr pae mce cx8 apic sep mtrr pge mca cmov pat pse36 clflush dts acpi mmx fxsr sse sse2 ss ht tm pbe syscall nx pdpe1gb rdtscp lm constant_tsc arch_perfmon pebs bts rep_good nopl xtopology nonstop_tsc aperfmperf eagerfpu pni pclmulqdq dtes64 monitor ds_cpl vmx est tm2 ssse3 fma cx16 xtpr pdcm pcid sse4_1 sse4_2 movbe popcnt tsc_deadline_timer aes xsave avx f16c rdrand lahf_lm abm ida arat epb xsaveopt pln pts dtherm tpr_shadow vnmi flexpriority ept vpid fsgsbase tsc_adjust bmi1 avx2 smep bmi2 erms invpcid
bogomips	: 4788.74
clflush size	: 64
cache_alignment	: 64
address sizes	: 39 bits physical, 48 bits virtual
power management:

processor	: 3
vendor_id	: GenuineIntel
cpu family	: 6
model		: 69
model name	: Intel(R) Core(TM) i5-4210U CPU @ 1.70GHz
stepping	: 1
microcode	: 0x1c
cpu MHz		: 2401.000
cache size	: 3072 KB
physical id	: 0
siblings	: 4
core id		: 1
cpu cores	: 2
apicid		: 3
initial apicid	: 3
fpu		: yes
fpu_exception	: yes
cpuid level	: 13
wp		: yes
flags		: fpu vme de pse tsc msr pae mce cx8 apic sep mtrr pge mca cmov pat pse36 clflush dts acpi mmx fxsr sse sse2 ss ht tm pbe syscall nx pdpe1gb rdtscp lm constant_tsc arch_perfmon pebs bts rep_good nopl xtopology nonstop_tsc aperfmperf eagerfpu pni pclmulqdq dtes64 monitor ds_cpl vmx est tm2 ssse3 fma cx16 xtpr pdcm pcid sse4_1 sse4_2 movbe popcnt tsc_deadline_timer aes xsave avx f16c rdrand lahf_lm abm ida arat epb xsaveopt pln pts dtherm tpr_shadow vnmi flexpriority ept vpid fsgsbase tsc_adjust bmi1 avx2 smep bmi2 erms invpcid
bogomips	: 4788.74
clflush size	: 64
cache_alignment	: 64
address sizes	: 39 bits physical, 48 bits virtual
power management:



Memory: 4k page, physical 3942624k(128224k free), swap 4999164k(44088k free)

vm_info: Java HotSpot(TM) 64-Bit Server VM (25.101-b13) for linux-amd64 JRE (1.8.0_101-b13), built on Jun 22 2016 02:59:44 by "java_re" with gcc 4.3.0 20080428 (Red Hat 4.3.0-8)

time: Wed May 24 13:42:06 2017
elapsed time: 11 seconds (0d 0h 0m 11s)

